# id: 1
# intent: AddToPlaylist
# text: Dua ma des Liad in die Playlist
1	Dua	AddToPlaylist	O
2	ma	AddToPlaylist	B-artist
3	des	AddToPlaylist	I-artist
4	Liad	AddToPlaylist	I-artist
5	in	AddToPlaylist	O
6	die	AddToPlaylist	O
7	Playlist	AddToPlaylist	B-playlist

# id: 2
# intent: AddToPlaylist
# text: Mach des Liad in mei Party-Playlist.
1	Mach	AddToPlaylist	B-entity_name
2	des	AddToPlaylist	I-entity_name
3	Liad	AddToPlaylist	I-entity_name
4	in	AddToPlaylist	O
5	mei	AddToPlaylist	O
6	Party-Playlist	AddToPlaylist	B-playlist
7	.	AddToPlaylist	O

# id: 3
# intent: PlayMusic
# text: Spui Ma des liad vom Elvis "Return to sender"
1	Spui	AddToPlaylist	O
2	Ma	AddToPlaylist	B-track
3	des	AddToPlaylist	I-track
4	liad	AddToPlaylist	I-track
5	vom	AddToPlaylist	O
6	Elvis	AddToPlaylist	B-artist
7	Return	AddToPlaylist	I-artist
8	to	AddToPlaylist	O
9	sender	AddToPlaylist	O

# id: 4
# intent: AddToPlaylist
# text: Dua "bloody valentine" vo Maschine Gun Kelly zua meina Playlist.
1 	Dua	AddToPlaylist	O
2 	bloody	AddToPlaylist	B-artist
3 	valentine	AddToPlaylist	I-artist
4 	vo	AddToPlaylist	O
5 	Maschine	AddToPlaylist	B-playlist
6 	Gun	AddToPlaylist	I-playlist
7 	Kelly	AddToPlaylist	I-playlist
8 	zua	AddToPlaylist	O
9 	meina	AddToPlaylist	B-playlist
10 	Playlist	AddToPlaylist	I-playlist
11	.	AddToPlaylist	O

# id: 5
# intent: AddToPlaylist
# text: Dua „Cover me in Sunshine“ vo Pink in mei Gute Laune Playlist
1	Dua	AddToPlaylist	O
2	Cover	AddToPlaylist	O
3	me	AddToPlaylist	O
4	in	AddToPlaylist	O
5	Sunshine	AddToPlaylist	B-entity_name
6	vo	AddToPlaylist	I-entity_name
7	Pink	AddToPlaylist	I-entity_name
8	in	AddToPlaylist	O
9	mei	AddToPlaylist	B-playlist
10	Gute	AddToPlaylist	B-playlist
11	Laune	AddToPlaylist	I-playlist
12	Playlist	AddToPlaylist	I-playlist

# id: 6
# intent: AddToPlaylist
# text: machst moi "Dance Now" vo JID in de Hiphop Playlist?
1	machst	AddToPlaylist	O
2	moi	AddToPlaylist	O
3	Dance	AddToPlaylist	B-entity_name
4	Now	AddToPlaylist	I-entity_name
5	vo	AddToPlaylist	O
6	JID	AddToPlaylist	B-artist
7	in	AddToPlaylist	O
8	de	AddToPlaylist	O
9	Hiphop	AddToPlaylist	B-playlist
10	Playlist	AddToPlaylist	I-playlist
11	?	AddToPlaylist	O

# id: 7
# intent: BookRestaurant
# text: bitte des liadl a nu dazua doa
1	bitte	AddToPlaylist	O
2	des	AddToPlaylist	O
3	liadl	AddToPlaylist	B-restaurant_type
4	a	AddToPlaylist	O
5	nu	AddToPlaylist	B-location
6	dazua	AddToPlaylist	I-location
7	doa	AddToPlaylist	O

# id: 8
# intent: AddToPlaylist
# text: giab bitte "stupid horse" von 100 gecs zua meina Party-Listn
1	giab	AddToPlaylist	O
2	bitte	AddToPlaylist	B-entity_name
3	stupid	AddToPlaylist	I-entity_name
4	horse	AddToPlaylist	I-entity_name
5	von	AddToPlaylist	I-entity_name
6	100	AddToPlaylist	I-entity_name
7	gecs	AddToPlaylist	I-entity_name
8	zua	AddToPlaylist	O
9	meina	AddToPlaylist	B-playlist
10	Party-Listn	AddToPlaylist	I-playlist

# id: 9
# intent: AddToPlaylist
# text: füg des Lied zu meiner Playlist dazu
1	füg	AddToPlaylist	O
2	des	AddToPlaylist	O
3	Lied	AddToPlaylist	B-playlist
4	zu	AddToPlaylist	O
5	meiner	AddToPlaylist	B-playlist
6	Playlist	AddToPlaylist	I-playlist
7	dazu	AddToPlaylist	O

# id: 10
# intent: AddToPlaylist
# text: speicha moi "Lost" von Linkin Park in mei Playlist!
1	speicha	AddToPlaylist	O
2	moi	AddToPlaylist	B-entity_name
3	Lost	AddToPlaylist	I-entity_name
4	von	AddToPlaylist	O
5	Linkin	AddToPlaylist	B-artist
6	Park	AddToPlaylist	I-artist
7	in	AddToPlaylist	O
8	mei	AddToPlaylist	B-playlist
9	Playlist	AddToPlaylist	I-playlist
10	!	AddToPlaylist	O

# id: 11
# intent: AddToPlaylist
# text: Füg Lost von Linkin Park zu meina Playlist dazua 
1	Füg	AddToPlaylist	O
2	Lost	AddToPlaylist	B-entity_name
3	von	AddToPlaylist	O
4	Linkin	AddToPlaylist	B-artist
5	Park	AddToPlaylist	I-artist
6	zu	AddToPlaylist	O
7	meina	AddToPlaylist	B-playlist
8	Playlist	AddToPlaylist	I-playlist
9	dazua	AddToPlaylist	I-playlist

# id: 12
# intent: PlayMusic
# text: Dads ma „I sing a Liad fia di“ vom Andreas Gabalier ind Playlist einedoa 
1 	Dads	AddToPlaylist	O
2 	ma	AddToPlaylist	O
3 	I	AddToPlaylist	O
4 	sing	AddToPlaylist	O
5 	a	AddToPlaylist	O
6 	Liad	AddToPlaylist	B-track
7 	fia	AddToPlaylist	I-track
8 	di	AddToPlaylist	I-track
9 	vom 	AddToPlaylist	O
10 	Andreas	AddToPlaylist	B-artist
11 	Gabalier	AddToPlaylist	I-artist
12 	ind	AddToPlaylist	O
13 	Playlist	AddToPlaylist	B-playlist
14 	einedoa	AddToPlaylist	I-playlist

# id: 13
# intent: AddToPlaylist
# text: dua "Dreh den Swag auf" von Moneyboy in mei Spotify-Playlist.
1	dua	AddToPlaylist	O
2 	Dreh	AddToPlaylist	B-artist
3 	den	AddToPlaylist	I-artist
4 	Swag	AddToPlaylist	I-artist
5 	auf	AddToPlaylist	O
6 	von	AddToPlaylist	O
7 	Moneyboy	AddToPlaylist	B-playlist
8 	in	AddToPlaylist	O
9 	mei	AddToPlaylist	B-playlist
10 	Spotify-Playlist	AddToPlaylist	I-playlist
11 	. 	AddToPlaylist	O

# id: 14
# intent: BookRestaurant
# text: I mächad gean an disch resavieren 
1	I	BookRestaurant	O
2	mächad	BookRestaurant	O
3	gean	BookRestaurant	B-artist
4	an	BookRestaurant	O
5	disch	BookRestaurant	B-facility
6	resavieren	BookRestaurant	B-location

# id: 15
# intent: BookRestaurant
# text: I dad gern an Disch in Rimbach für 4 Leid reservieren.
1	I	BookRestaurant	O
2	dad	BookRestaurant	O
3	gern	BookRestaurant	O
4	an	BookRestaurant	O
5	Disch	BookRestaurant	B-restaurant_name
6	in	BookRestaurant	O
7	Rimbach	BookRestaurant	B-location
8	für	BookRestaurant	O
9	4	BookRestaurant	B-party_size_number
10	Leid	BookRestaurant	B-datetime
11	reservieren	BookRestaurant	I-datetime
12	.	BookRestaurant	O

# id: 16
# intent: BookRestaurant
# text: I mechad gern an disch reservieren für 4 leid auf 19.00
1	I	BookRestaurant	O
2	mechad	BookRestaurant	O
3	gern	BookRestaurant	O
4	an	BookRestaurant	O
5	disch	BookRestaurant	B-served_dish
6	reservieren	BookRestaurant	O
7	für	BookRestaurant	O
8	4	BookRestaurant	B-party_size_number
9	leid	BookRestaurant	O
10	auf	BookRestaurant	O
11	19.00	BookRestaurant	B-datetime

# id: 17
# intent: BookRestaurant
# text: Reservier mia an Disch für 4 Leid in da Pizzeria Antonio.
1 	Reservier	BookRestaurant O
2 	mia	BookRestaurant	O
3 	an	BookRestaurant	O
4 	Disch	BookRestaurant	B-restaurant_name
5 	für	BookRestaurant	O
6 	4	BookRestaurant	B-datetime
7 	Leid	BookRestaurant	I-datetime
8 	in	BookRestaurant	O
9 	da	BookRestaurant	O
10 	Pizzeria	BookRestaurant	B-restaurant_name
11 	Antonio	BookRestaurant	I-restaurant_name
12 	.	BookRestaurant	O

# id: 18
# intent: BookRestaurant
# text: I dad gern an Disch für 6 Leid um Simme beim Sale e Pepe in Hirten reservieren.
1	I	BookRestaurant	O
2	dad	BookRestaurant	O
3	gern	BookRestaurant	O
4	an	BookRestaurant	O
5	Disch	BookRestaurant	B-restaurant_name
6	für	BookRestaurant	O
7	6	BookRestaurant	B-restaurant_name
8	Leid	BookRestaurant	I-restaurant_name
9	um	BookRestaurant	I-restaurant_name
10	Simme	BookRestaurant	I-restaurant_name
11	beim	BookRestaurant	I-restaurant_name
12	Sale	BookRestaurant	I-restaurant_name
13	e	BookRestaurant	I-restaurant_name
14	Pepe	BookRestaurant	I-restaurant_name
15	in	BookRestaurant	O
16	Hirten	BookRestaurant	B-location
17	reservieren	BookRestaurant	O
18	.	BookRestaurant	O

# id: 19
# intent: BookRestaurant
# text: reservierst ma bitte an Disch im Zeitlos fürn Brunch? Um 11 für 4 Personen, wenns gehd.
1	reservierst	BookRestaurant	O
2	ma	BookRestaurant	O
3	bitte	BookRestaurant	O
4	an	BookRestaurant	O
5	Disch	BookRestaurant	B-location	
6	im	BookRestaurant	O
7	Zeitlos	BookRestaurant	B-location
8	fürn	BookRestaurant	B-restaurant_name
9	Brunch	BookRestaurant	I-restaurant_name
10 	?	BookRestaurant	O
11	Um	BookRestaurant	O
12	11	BookRestaurant	B-datetime
13	für	BookRestaurant	O
14	4	BookRestaurant	B-party_size_number
15	Personen	BookRestaurant	O
16	,	BookRestaurant	O
17	wenns	BookRestaurant	O
18	gehd	BookRestaurant	O
19	.	BookRestaurant	O

# id: 20
# intent: BookRestaurant
# text: ruaf bitte beim mings in oidäding a und buach an diesch für fünf leid aufara sechse sowos
1	ruaf	BookRestaurant	O
2	bitte	BookRestaurant	O
3	beim	BookRestaurant	O
4	mings	BookRestaurant	B-restaurant_type
5	in	BookRestaurant	O
6	oidäding	BookRestaurant	B-location
7	a	BookRestaurant	O	
8	und	BookRestaurant	O	
9	buach	BookRestaurant	O
10	an	BookRestaurant	O
11	diesch	BookRestaurant	B-restaurant_type
12	für	BookRestaurant	O
13	fünf	BookRestaurant	B-party_size_number
14	leid	BookRestaurant	O
15	aufara	BookRestaurant	B-datetime
16	sechse	BookRestaurant	I-datetime
17	sowos	BookRestaurant	I-datetime

# id: 21
# intent: BookRestaurant
# text: I darat gearn an Disch im Steirawirt in Riad für 3 Leid resavieren
1	I	BookRestaurant	O
2	darat	BookRestaurant	O
3	gearn	BookRestaurant	B-served_dish
4	an	BookRestaurant	O
5	Disch		B-restaurant_name	O
6	im	BookRestaurant	I-restaurant_name
7	Steirawirt	BookRestaurant	I-restaurant_name
8	in	BookRestaurant	O
9	Riad	BookRestaurant	B-location
10	für	BookRestaurant	O
11	3	BookRestaurant	B-party_size_number
12	Leid	BookRestaurant	B-served_dish
13	resavieren	BookRestaurant	I-served_dish

# id: 22
# intent: BookRestaurant
# text: reservier ma an Disch für vier Leid
1	reservier	BookRestaurant	O
2	ma	BookRestaurant	O
3	an	BookRestaurant	O
4	Disch	BookRestaurant	B-location
5	für	BookRestaurant	O
6	vier	BookRestaurant	B-party_size_number
7	Leid	BookRestaurant	B-party_size_number

# id: 23
# intent: BookRestaurant
# text: reservier ma moi an Tiesch im Restaurant im Rimback für 4 Leid.
1	reservier	BookRestaurant	O
2	ma	BookRestaurant	B-track
3	moi	BookRestaurant	I-track
4	an	BookRestaurant	I-track
5	Tiesch	BookRestaurant	I-track
6	im	BookRestaurant	O
7	Restaurant	BookRestaurant	B-restaurant_name
8	im	BookRestaurant	I-restaurant_name
9	Rimback	BookRestaurant	B-location
10	für	BookRestaurant	O
11	4	BookRestaurant	B-party_size_number
12	Leid	BookRestaurant	O
13	.	BookRestaurant	O

# id: 24
# intent: BookRestaurant
# text: Reservier ma bitte an Disch im Zeitsprung fia zwoa Leid auf viere
1	Reservier	BookRestaurant	O
2	ma	BookRestaurant	O
3	bitte	BookRestaurant	O
4	an	BookRestaurant	O
5	Disch	BookRestaurant	O
6	im	BookRestaurant	O
7	Zeitsprung	BookRestaurant	B-location
8	fia	BookRestaurant	O
9	zwoa	BookRestaurant	B-datetime
10	Leid	BookRestaurant	O
11	auf	BookRestaurant	O
12	viere	BookRestaurant	B-datetime

# id: 25
# intent: weather/find
# text: kaunst ma du an tisch um zwa bei da edith reserviern.
1	kaunst	BookRestaurant	O
2	ma	BookRestaurant	O
3	du	BookRestaurant	O
4	an	BookRestaurant	O
5	tisch	BookRestaurant	O
6	um	BookRestaurant	O
7	zwa	BookRestaurant	B-datetime
8	bei	BookRestaurant	O
9	da	BookRestaurant	B-location
10	edith	BookRestaurant	B-location
11	reserviern	BookRestaurant	I-location
12 	.	BookRestaurant	O

# id: 26
# intent: SearchScreeningEvent
# text: Spui Ma lost von linkin park 
1	Spui	PlayMusic	B-movie_name
2	Ma	PlayMusic	I-movie_name
3	lost	PlayMusic	O
4	von	PlayMusic	O
5	linkin	PlayMusic	B-location
6	park	PlayMusic	I-location

# id: 27
# intent: PlayMusic
# text: Spui ma Rockmusik.
1	Spui	PlayMusic	O
2	ma	PlayMusic	O
3	Rockmusik	PlayMusic	B-genre
4	.	PlayMusic	O

# id: 28
# intent: PlayMusic
# text: Spui Reggae musi
1	Spui	PlayMusic	O
2	Reggae	PlayMusic	B-genre
3	musi	PlayMusic	O

# id: 29
# intent: PlayMusic
# text: Spui "bloody valentine" vo Machine Gun Kelly auf Spotify.
1	Spui	PlayMusic	O
2	bloody	PlayMusic	B-artist
3	valentine	PlayMusic	I-artist
4	vo	PlayMusic	O
5	Machine	PlayMusic	B-track
6	Gun	PlayMusic	I-track
7	Kelly	PlayMusic	I-track
8	auf	PlayMusic	O
9	Spotify	PlayMusic	B-service
10	.	PlayMusic	O

# id: 30
# intent: SearchCreativeWork
# text: Spui Bologna vo Wanda.
1	Spui	PlayMusic	O
2	Bologna	PlayMusic	B-movie_name
3	vo	PlayMusic	I-movie_name
4	Wanda	PlayMusic	I-movie_name
5	.	PlayMusic	O

# id: 31
# intent: PlayMusic
# text: spui HipHop Radio auf Spotify.
1	spui	PlayMusic	O
2	HipHop	PlayMusic	B-playlist
3	Radio	PlayMusic	I-playlist
4	auf	PlayMusic	O
5	Spotify	PlayMusic	B-service
6	.	PlayMusic	O

# id: 32
# intent: BookRestaurant
# text: Dua bitte mei meistgspuids liadl her
1	Dua	PlayMusic	B-movie_name
2	bitte	PlayMusic	I-movie_name
3	mei	PlayMusic	O
4	meistgspuids	PlayMusic	B-movie_name
5	liadl	PlayMusic	I-movie_name
6	her	PlayMusic	B-location

# id: 33
# intent: BookRestaurant
# text: Spü ma bitte irgendwos von SOPHIE
1	Spü	PlayMusic	O
2	ma	PlayMusic	O
3	bitte	PlayMusic	O
4	irgendwos	PlayMusic	B-track
5	von	PlayMusic	O
6	SOPHIE	PlayMusic	B-location

# id: 34
# intent: SearchScreeningEvent
# text: spui Bayern 3
1	spui	PlayMusic	O
2	Bayern	PlayMusic	B-movie_name
3	3	PlayMusic	I-movie_name

# id: 35
# intent: PlayMusic
# text: spui ma moi Rockmusik.
1	spui	PlayMusic	O
2	ma	PlayMusic	B-track
3	moi	PlayMusic	I-track
4	Rockmusik	PlayMusic	B-playlist
5	.	PlayMusic	O

# id: 36
# intent: PlayMusic
# text: Spui Radio Bayern 3
1	Spui	PlayMusic	O
2	Radio	PlayMusic	B-object_name
3	Bayern	PlayMusic	I-object_name
4	3	PlayMusic	I-object_name

# id: 37
# intent: BookRestaurant
# text: spui ebs vom Gabalier
1	spui	PlayMusic	O
2	ebs	PlayMusic	O
3	vom	PlayMusic	O
4	Gabalier	PlayMusic	B-location

# id: 38
# intent: PlayMusic
# text: spü moi rummelplatz von moneyboy
1	spü	PlayMusic	O
2	moi	PlayMusic	O
3	rummelplatz	PlayMusic	O
4	von	PlayMusic	O
5	moneyboy	PlayMusic	B-artist

# id: 39
# intent: RateBook
# text: I Mechad des buch auf 4 Sterne bewerta 
1	I	RateBook	O
2	Mechad	RateBook	B-movie_name
3	des	RateBook	I-movie_name
4	buch	RateBook	I-movie_name
5	auf	RateBook	O
6	4	RateBook	B-rating_value
7	Sterne	RateBook	B-rating_unit
8	bewerta	RateBook	B-rating_unit

# id: 40
# intent: RateBook
# text: Gib dem Buach "Harry Potter" 5 Sterne.
1	Gib	RateBook	O
2	dem	RateBook	O
3	Buach	RateBook	B-object_name
4	Harry	RateBook	I-object_name
5	Potter	RateBook	I-object_name
6	5	RateBook	B-rating_value
7	Sterne	RateBook	B-rating_unit
8	.	RateBook	O

# id: 41
# intent: BookRestaurant
# text: Gib dem biache vom "Herr der Ringe" 5 sterndl
1	Gib	RateBook	O
2	dem	RateBook	O
3	biache	RateBook	O
4	vom	RateBook	O
5	Herr	RateBook	B-restaurant_name
6	der	RateBook	I-restaurant_name
7	Ringe	RateBook	I-restaurant_name
8	5	RateBook	B-rating_value
9	sterndl	RateBook	B-rating_unit

# id: 42
# intent: RateBook
# text: Bewert amoi des Buach "Harry Potter" mit 5 Sterne.
1	Bewert	RateBook	O
2	amoi	RateBook	O
3	des	RateBook	O
4	Buach	RateBook	B-object_name
5	Harry	RateBook	I-object_name
6	Potter	RateBook	I-object_name
7	mit	RateBook	O
8	5	RateBook	B-rating_value
9	Sterne	RateBook	B-rating_unit
10	.	RateBook	O

# id: 43
# intent: RateBook
# text: Gib dem Buach „Playlist“ vo Sebastian Fitzek 5 Sterne.
1	Gib	RateBook	O
2	dem	RateBook	O
3	Buach	RateBook	B-playlist
4	Playlist	RateBook	I-playlist
5	vo	RateBook	O
6	Sebastian	RateBook	B-artist
7	Fitzek	RateBook	I-artist
8	5	RateBook	B-rating_value
9	Sterne	RateBook	B-rating_unit
10	.	RateBook	O

# id: 44
# intent: SearchScreeningEvent
# text: gib "Iphigenie auf Taurus" oan Stern, des war richtig schlecht.
1	gib	RateBook	O
2	Iphigenie	RateBook	B-movie_name
3	auf	RateBook	O
4	Taurus	RateBook	B-location
5	oan	RateBook	O
6	Stern	RateBook	B-location
7	,	RateBook	O
8	des	RateBook	O
9	war	RateBook	O
10	richtig	RateBook	O
11	schlecht	RateBook	O
12	.	RateBook	O

# id: 45
# intent: BookRestaurant
# text: Gib dem dumma buach de minimale Anzahl an sterne
1	Gib	RateBook	O
2	dem	RateBook	O
3	dumma	RateBook	B-location
4	buach	RateBook	I-location
5	de	RateBook	O
6	minimale	RateBook	O
7	Anzahl	RateBook	O
8	an	RateBook	O
9	sterne	RateBook	B-weather/attribute

# id: 46
# intent: RateBook
# text: Gib "Harry Potter" 0 Sterne
1	Gib	RateBook	O
2	Harry	RateBook	B-object_name
3	Potter	RateBook	I-object_name
4	0	RateBook	B-rating_value
5	Sterne	RateBook	B-rating_unit

# id: 47
# intent: RateBook
# text: gib dem Buach a Bewertung vo 5 Sterne
1	Gib	RateBook	O
2	dem	RateBook	O
3	Buach	RateBook	B-object_name
4	a	RateBook	O
5	Bewertung	RateBook	O
6	vo	RateBook	O
7	5	RateBook	B-rating_value
8	Sterne	RateBook	B-rating_unit

# id: 48
# intent: BookRestaurant
# text: i mog a Buach bewerten. Gib dem Buach "..." 5 Sterndal.
1	i	RateBook	O
2	mog	RateBook	O
3	a	RateBook	O
4	Buach	RateBook	B-restaurant_name
5	bewerten	RateBook	I-restaurant_name
6	.	RateBook	O
7	Gib	RateBook	B-restaurant_name
8	dem	RateBook	I-restaurant_name
9	Buach	RateBook	I-restaurant_name
10	...	RateBook	O
11	5	RateBook	B-location
12	Sterndal	RateBook	I-location
13	.	RateBook	O

# id: 49
# intent: RateBook
# text: Mach a Bewertung von 5 Sterne für des Buach 
1	Mach	RateBook	O
2	a	RateBook	O
3	Bewertung	RateBook	O
4	von	RateBook	O
5	5	RateBook	B-rating_value
6	Sterne	RateBook	B-rating_unit
7	für	RateBook	O
8	des	RateBook	O
9	Buach	RateBook	B-object_name

# id: 50
# intent: BookRestaurant
# text: dua des Buach „Harry Potter“ mit oam Stern bewerten
1	dua	RateBook	O
2	des	RateBook	O
3	Buach	RateBook	B-object_name
4	Harry	RateBook	I-object_name
5	Potter	RateBook	I-object_name
6	mit	RateBook	O
7	oam	RateBook	B-movie_name
8	Stern	RateBook	I-movie_name
9	bewerten	RateBook	O

# id: 51
# intent: SearchScreeningEvent
# text: bewert amoi des buach "Harry Potter" mit anem stern
1	bewert	RateBook	O
2	amoi	RateBook	O
3	des	RateBook	O
4	buach	RateBook	O
5	Harry	RateBook	B-movie_name
6	Potter	RateBook	I-movie_name
7	mit	RateBook	I-movie_name
8	anem	RateBook	I-movie_name
9	Stern	RateBook	I-movie_name

# id: 52
# intent: BookRestaurant
# text: reservier an Disch für 4 Leid im Noah in Garching. 
1	reservier	BookRestaurant	O
2	an	BookRestaurant	O
3	Disch	BookRestaurant	B-restaurant_name
4	für	BookRestaurant	O
5	4	BookRestaurant	B-restaurant_name
6	Leid	BookRestaurant	I-restaurant_name
7	im	BookRestaurant	I-restaurant_name
8	Noah	BookRestaurant	I-restaurant_name
9	in	BookRestaurant	O
10	Garching	BookRestaurant	B-location
11	.	BookRestaurant	O

# id: 53
# intent: SearchCreativeWork
# text: Suach nach Game of Thrones 
1	Such	SearchCreativeWork	O
2	nach	SearchCreativeWork	O
3	Game	SearchCreativeWork	B-object_name
4	of	SearchCreativeWork	I-object_name
5	Thrones	SearchCreativeWork	I-object_name

# id: 54
# intent: SearchCreativeWork
# text: Suach nach "Game of Thrones".
1	Such	SearchCreativeWork	O
2	nach	SearchCreativeWork	O
3	Game	SearchCreativeWork	B-object_name
4	of	SearchCreativeWork	I-object_name
5	Thrones	SearchCreativeWork	I-object_name
6	.	SearchCreativeWork	O

# id: 55
# intent: PlayMusic
# text: Suach nach boogie musi
1	Suach	SearchCreativeWork	O
2	nach	SearchCreativeWork	O
3	boogie	SearchCreativeWork	B-artist
4	musi	SearchCreativeWork	I-artist

# id: 56
# intent: alarm/snooze_alarm
# text: Suach nach "Wednesday".
1	Suach	SearchCreativeWork	O
2	nach	SearchCreativeWork	B-datetime
3	Wednesday	SearchCreativeWork	I-datetime
4	.	SearchCreativeWork	O

# id: 57
# intent: PlayMusic
# text: Suach nach dem neia Album von Madeline Juno.
1	Suach	SearchCreativeWork	O
2	nach	SearchCreativeWork	O
3	dem	SearchCreativeWork	O
4	neia	SearchCreativeWork	O
5	Album	SearchCreativeWork	B-music_item
6	von	SearchCreativeWork	O
7	Madeline	SearchCreativeWork	B-artist
8	Juno	SearchCreativeWork	I-artist
9	.	SearchCreativeWork	O

# id: 58
# intent: PlayMusic
# text: schau moi nach dem neia Kendrick Lamar Album
1	schau	SearchCreativeWork	O
2	moi	SearchCreativeWork	O
3	nach	SearchCreativeWork	O
4	dem	SearchCreativeWork	O
5	neia	SearchCreativeWork	O
6	Kendrick	SearchCreativeWork	B-artist
7	Lamar	SearchCreativeWork	I-artist
8	Album	SearchCreativeWork	B-music_item

# id: 59
# intent: SearchScreeningEvent
# text: suach den neia Patrick Dempsey film
1	suach	SearchCreativeWork	O
2	den	SearchCreativeWork	O
3	neia	SearchCreativeWork	O
4	Patrick	SearchCreativeWork	B-artist
5	Dempsey	SearchCreativeWork	I-artist
6	film	SearchCreativeWork	B-movie_type

# id: 60
# intent: BookRestaurant
# text: suach des Spui.
1	suach	SearchCreativeWork	B-movie_name
2	des	SearchCreativeWork	I-movie_name
3	Spui	SearchCreativeWork	I-movie_name
4	.	SearchCreativeWork	O

# id: 61
# intent: SearchCreativeWork
# text: suach moi nach "Stranger Things".
1	suach	SearchCreativeWork	O
2	moi	SearchCreativeWork	O
3	nach	SearchCreativeWork	O
4	Stranger	SearchCreativeWork	B-object_name
5	Things	SearchCreativeWork	I-object_name
6	.	SearchCreativeWork	O

# id: 62
# intent: SearchCreativeWork
# text: Suach nach de "Simpsons"
1	Suach	SearchCreativeWork	O
2	nach	SearchCreativeWork	O
3	de	SearchCreativeWork	B-artist
4	Simpsons	SearchCreativeWork	I-artist

# id: 63
# intent: SearchCreativeWork
# text: schau wia des neie Album vom Gabalier hoaßt
1	schau	SearchCreativeWork	O
2	wia	SearchCreativeWork	O
3	des	SearchCreativeWork	O
4	neie	SearchCreativeWork	O
5	Album	SearchCreativeWork	B-object_type
6	vom	SearchCreativeWork	O
7	Gabalier	SearchCreativeWork	B-artist
8	hoaßt	SearchCreativeWork	O

# id: 64
# intent: reminder/cancel_reminder
# text: suach moi noch moneyboy
1	suach	SearchCreativeWork	O
2	moi	SearchCreativeWork	B-track
3	noch	SearchCreativeWork	O
4	moneyboy	SearchCreativeWork	B-weather/attribute

# id: 65
# intent: SearchCreativeWork
# text: Wann Kimtn der Film A?
1	Wann	SearchScreeningEvent	O
2	Kimtn	SearchScreeningEvent	B-object_name
3	der	SearchScreeningEvent	O
4	Film	SearchScreeningEvent	B-object_name
5	A	SearchScreeningEvent	B-object_name
6	?	SearchScreeningEvent	O

# id: 66
# intent: SearchScreeningEvent
# text: Wo und wann kimmt "Avatar" im Kino?
1	Wo	SearchScreeningEvent	O
2	und	SearchScreeningEvent	O
3	wann	SearchScreeningEvent	O
4	kimmt	SearchScreeningEvent	O
5	Avatar	SearchScreeningEvent	B-movie_name
6	im	SearchScreeningEvent	O
7	Kino	SearchScreeningEvent	B-location
8	?	SearchScreeningEvent	O

# id: 67
# intent: SearchScreeningEvent
# text: Wann lafft da neie eberhofer Krimi im kino
1	Wann	SearchScreeningEvent	O
2	lafft	SearchScreeningEvent	O
3	da	SearchScreeningEvent	O
4	neie	SearchScreeningEvent	O
5	eberhofer	SearchScreeningEvent	B-movie_name
6	Krimi	SearchScreeningEvent	I-movie_name
7	im	SearchScreeningEvent	O
8	kino	SearchScreeningEvent	B-object_location_type

# id: 68
# intent: SearchScreeningEvent
# text: Wo und wann werd "Avatar" in Kino kemma?
1	Wo	SearchScreeningEvent	O
2	und	SearchScreeningEvent	O
3	wann	SearchScreeningEvent	O
4	werd	SearchScreeningEvent	O
5	Avatar	SearchScreeningEvent	B-movie_name
6	in	SearchScreeningEvent	I-movie_name
7	Kino	SearchScreeningEvent	I-movie_name
8	kemma	SearchScreeningEvent	B-location
9	?	SearchScreeningEvent	O

# id: 69
# intent: SearchScreeningEvent
# text: Wann und wo laffd „Indiana Jones“?
1	Wann	SearchScreeningEvent	O
2	und	SearchScreeningEvent	O
3	wo	SearchScreeningEvent	O
4	laffd	SearchScreeningEvent	O
5	Indiana	SearchScreeningEvent	B-movie_name
6	Jones	SearchScreeningEvent	I-movie_name
7	?	SearchScreeningEvent	O

# id: 70
# intent: SearchScreeningEvent
# text: wann kimmd "Minions" im Cineplex 
1	wann	SearchScreeningEvent	B-movie_name
2	kimmd	SearchScreeningEvent	I-movie_name
3	Minions	SearchScreeningEvent	I-movie_name
4	im	SearchScreeningEvent	B-location
5	Cineplex	SearchScreeningEvent	B-location

# id: 71
# intent: SearchScreeningEvent
# text: wo und wann kann i des Theater aschaun
1	wo	SearchScreeningEvent	O
2	und	SearchScreeningEvent	O
3	wann	SearchScreeningEvent	O
4	kann	SearchScreeningEvent	O
5	i	SearchScreeningEvent	O
6	des	SearchScreeningEvent	O
7	Theater	SearchScreeningEvent	O
8	aschaun	SearchScreeningEvent	O

# id: 72
# intent: SearchScreeningEvent
# text: Waun lauftn da "Avatar" im Kino?
1	Waun	SearchScreeningEvent	O
2	lauftn	SearchScreeningEvent	O
3	da	SearchScreeningEvent	O
4	Avatar	SearchScreeningEvent	B-movie_name
5	im	SearchScreeningEvent	I-movie_name
6	Kino	SearchScreeningEvent	B-location
7	?	SearchScreeningEvent	O

# id: 73
# intent: SearchScreeningEvent
# text: wann kimmt Avatar in Burghausen im Kino?
1	wann	SearchScreeningEvent	O
2	kimmt	SearchScreeningEvent	O
3	Avatar	SearchScreeningEvent	B-movie_name
4	in	SearchScreeningEvent	I-movie_name
5	Burghausen	SearchScreeningEvent	I-movie_name
6	im	SearchScreeningEvent	O
7	Kino	SearchScreeningEvent	B-object_location_type
8	?	SearchScreeningEvent	O

# id: 74
# intent: weather/find
# text: was laft grod im Theater?
1	was	SearchScreeningEvent	O
2	laft	SearchScreeningEvent	B-weather/attribute
3	grod	SearchScreeningEvent	I-weather/attribute
4	im	SearchScreeningEvent	O
5	Theater	SearchScreeningEvent	B-location
6	?	SearchScreeningEvent	O

# id: 75
# intent: SearchScreeningEvent
# text: Wann laft Avatar im Kino
1	Wann	SearchScreeningEvent	O
2	laft	SearchScreeningEvent	O
3	Avatar	SearchScreeningEvent	B-movie_name
4	im	SearchScreeningEvent	O
5	Kino	SearchScreeningEvent	B-object_location_type

# id: 76
# intent: SearchScreeningEvent
# text: wo und um wia vui Uhr ko I „Titanic“ im Kino oschaun?
1	wo	SearchScreeningEvent	O
2	und	SearchScreeningEvent	O
3	um	SearchScreeningEvent	O
4	wia	SearchScreeningEvent	O
5	vui	SearchScreeningEvent	O
6	Uhr	SearchScreeningEvent	O
7	ko	SearchScreeningEvent	O
8	I	SearchScreeningEvent	O
9	Titanic	SearchScreeningEvent	B-movie_name
10 	im	SearchScreeningEvent	O
11	Kino	SearchScreeningEvent	B-location
12	oschaun	SearchScreeningEvent	O
13	?	SearchScreeningEvent	O

# id: 77
# intent: SearchScreeningEvent
# text: wo und waun spüd "The whale" in minga
1	wo	SearchScreeningEvent	O
2	und	SearchScreeningEvent	O
3	waun	SearchScreeningEvent	O
4	spüd	SearchScreeningEvent	O
5	The	SearchScreeningEvent	B-movie_name
6	whale	SearchScreeningEvent	I-movie_name
7	in	SearchScreeningEvent	I-movie_name
8	minga	SearchScreeningEvent	B-location

# id: 78
# intent: alarm/snooze_alarm
# text: Lösch mein Wecka um 7.
1	Lösch	alarm/cancel_alarm	O
2	mein	alarm/cancel_alarm	B-location
3	Wecka	alarm/cancel_alarm	I-location
4	um	alarm/cancel_alarm	B-datetime
5	7	alarm/cancel_alarm	I-datetime
6	.	alarm/cancel_alarm	O

# id: 79
# intent: alarm/snooze_alarm
# text: Lösch mein wegga um 6.00
1	Lösch	alarm/cancel_alarm	O
2	mein	alarm/cancel_alarm	O
3	wegga	alarm/cancel_alarm	B-weather/attribute
4	um	alarm/cancel_alarm	B-datetime
5	6.00	alarm/cancel_alarm	I-datetime

# id: 80
# intent: weather/find
# text: Lösch ma mein wecka 
1	Lösch	alarm/cancel_alarm	O
2	ma	alarm/cancel_alarm	O
3	mein	alarm/cancel_alarm	O
4	wecka	alarm/cancel_alarm	B-weather/attribute

# id: 81
# intent: weather/find
# text: Lösch den Wecker um Simme.
1	Lösch	alarm/cancel_alarm	O
2	den	alarm/cancel_alarm	O
3	Wecker	alarm/cancel_alarm	B-weather/attribute
4	um	alarm/cancel_alarm	O
5	Simme	alarm/cancel_alarm	B-location
6	.	alarm/cancel_alarm	O

# id: 82
# intent: weather/find
# text: Lösch mein Wegga um 6.
1	Lösch	alarm/cancel_alarm	O
2	mein	alarm/cancel_alarm	B-movie_name
3	Wegga	alarm/cancel_alarm	I-movie_name
4	um	alarm/cancel_alarm	B-datetime
5	6	alarm/cancel_alarm	I-datetime
6	.	alarm/cancel_alarm	O

# id: 83
# intent: weather/find
# text: weck mi moing doch ned
1	weck	alarm/cancel_alarm	O
2	mi	alarm/cancel_alarm	O
3	moing	alarm/cancel_alarm	O
4	doch	alarm/cancel_alarm	O
5	ned	alarm/cancel_alarm	O

# id: 84
# intent: weather/find
# text: lösch mein wegga wieder
1	lösch	alarm/cancel_alarm	O
2	mein	alarm/cancel_alarm	O
3	wegga	alarm/cancel_alarm	O
4	wieder	alarm/cancel_alarm	O

# id: 85
# intent: weather/find
# text: Lösch bitta mein Wecka morgn um 8
1	Lösch	alarm/cancel_alarm	O
2	bitta	alarm/cancel_alarm	O
3	mein	alarm/cancel_alarm	B-location
4	Wecka	alarm/cancel_alarm	I-location
5	morgn	alarm/cancel_alarm	B-datetime
6	um	alarm/cancel_alarm	I-datetime
7	8	alarm/cancel_alarm	I-datetime

# id: 86
# intent: weather/find
# text: Lösch mein Wecker.
1	Lösch	alarm/cancel_alarm	O
2	mein	alarm/cancel_alarm	B-reference
3	Wecker	alarm/cancel_alarm	B-weather/attribute
4	.	alarm/cancel_alarm	O

# id: 87
# intent: weather/find
# text: lösch amoi den bläden Wecka!
1	lösch	alarm/cancel_alarm	O
2	amoi	alarm/cancel_alarm	B-location
3	den	alarm/cancel_alarm	O
4	bläden	alarm/cancel_alarm	B-weather/attribute
5	Wecka	alarm/cancel_alarm	B-location
6	!	alarm/cancel_alarm	O

# id: 88
# intent: weather/find
# text: Lösch den Wecka um Simme
1	Lösch	alarm/cancel_alarm	O
2	den	alarm/cancel_alarm	O
3	Wecka	alarm/cancel_alarm	B-datetime
4	um	alarm/cancel_alarm	O
5	Simme	alarm/cancel_alarm	B-location

# id: 89
# intent: PlayMusic
# text: Lösch mein Wecka fia sime
1	Lösch	alarm/cancel_alarm	O
2	mein	alarm/cancel_alarm	O
3	Wecka	alarm/cancel_alarm	O	
4	fia	alarm/cancel_alarm	O
5	sime	alarm/cancel_alarm	B-genre

# id: 90
# intent: weather/find
# text: dua mein wecker um zwöfi ausi
1	dua	alarm/cancel_alarm	O
2	mein	alarm/cancel_alarm	B-track
3	wecker	alarm/cancel_alarm	B-weather/attribute
4	um	alarm/cancel_alarm	O
5	zwöfi	alarm/cancel_alarm	B-location
6	ausi	alarm/cancel_alarm	I-location

# id: 91
# intent: weather/find
# text: I mog mein Wecker ändern 
1	I	alarm/modify_alarm	O
2	mog	alarm/modify_alarm	O
3	mein	alarm/modify_alarm	O
4	Wecker	alarm/modify_alarm	O
5	ändern	alarm/modify_alarm	O

# id: 92
# intent: weather/find
# text: Änder mein Wecka von 7 auf 8.
1	Änder	alarm/modify_alarm	B-object_name
2	mein	alarm/modify_alarm	I-object_name
3	Wecka	alarm/modify_alarm	I-object_name
4	von	alarm/modify_alarm	O
5	7	alarm/modify_alarm	B-datetime
6	auf	alarm/modify_alarm	O
7	8	alarm/modify_alarm	B-datetime
8	.	alarm/modify_alarm	O

# id: 93
# intent: RateBook
# text: Änder mein wegga vo 6 auf 7
1	Änder	alarm/modify_alarm	B-object_name
2	mein	alarm/modify_alarm	I-object_name
3	wegga	alarm/modify_alarm	I-object_name
4	vo	alarm/modify_alarm	O
5	6	alarm/modify_alarm	B-best_rating
6	auf	alarm/modify_alarm	O
7	7	alarm/modify_alarm	B-best_rating

# id: 94
# intent: weather/find
# text: Änder den Wecker um Simme auf achte.
1	Änder	alarm/modify_alarm	O
2	den	alarm/modify_alarm	O
3	Wecker	alarm/modify_alarm	B-weather/attribute
4	um	alarm/modify_alarm	O
5	Simme	alarm/modify_alarm	B-location
6	auf	alarm/modify_alarm	O
7	achte	alarm/modify_alarm	B-datetime
8	.	alarm/modify_alarm	O

# id: 95
# intent: RateBook
# text: Änder mein Wegga vo 5 auf 6.
1	Änder	alarm/modify_alarm	B-object_name
2	mein	alarm/modify_alarm	I-object_name
3	Wegga	alarm/modify_alarm	I-object_name
4	vo	alarm/modify_alarm	O
5	5	alarm/modify_alarm	B-rating_value
6	auf	alarm/modify_alarm	O
7	6	alarm/modify_alarm	B-best_rating
8	.	alarm/modify_alarm	O

# id: 96
# intent: weather/find
# text: weck mi moing doch liaba um 9
1	weck	alarm/modify_alarm	O
2	mi	alarm/modify_alarm	O
3	moing	alarm/modify_alarm	B-location
4	doch	alarm/modify_alarm	I-location
5	liaba	alarm/modify_alarm	I-location
6	um	alarm/modify_alarm	B-datetime
7	9	alarm/modify_alarm	I-datetime

# id: 97
# intent: BookRestaurant
# text: Stei mein wegga von 10e doch liaba auf viadl noch
1	Stei	alarm/modify_alarm	O
2	mein	alarm/modify_alarm	O
3	wegga	alarm/modify_alarm	O
4	von	alarm/modify_alarm	O
5	10e	alarm/modify_alarm	B-datetime
6	doch	alarm/modify_alarm	O
7	liaba	alarm/modify_alarm	B-location
8	auf	alarm/modify_alarm	O
9	viadl	alarm/modify_alarm	B-location
10 	noch	alarm/modify_alarm	O

# id: 98
# intent: weather/find
# text: Änder bitte mein Wecka morgen um achte auf neine
1	Änder	alarm/modify_alarm	O
2	bitte	alarm/modify_alarm	O
3	mein	alarm/modify_alarm	O
4	Wecka	alarm/modify_alarm	O
5	morgen	alarm/modify_alarm	O
6	um	alarm/modify_alarm	O
7	achte	alarm/modify_alarm	O
8	auf	alarm/modify_alarm	O
9	neine	alarm/modify_alarm	O

# id: 99
# intent: weather/find
# text: stoi mein Wecker vo Simme auf Achte
1	stoi	alarm/modify_alarm	O
2	mein	alarm/modify_alarm	B-movie_name
3	Wecker	alarm/modify_alarm	I-movie_name
4	vo	alarm/modify_alarm	O
5	Simme	alarm/modify_alarm	B-location
6	auf	alarm/modify_alarm	O
7	Achte	alarm/modify_alarm	B-location

# id: 100
# intent: weather/find
# text: stei den Wecka nei auf achte in der Fria.
1	stei	alarm/modify_alarm	O
2	den	alarm/modify_alarm	O	
3	Wecka	alarm/modify_alarm	O
4	nei	alarm/modify_alarm	O
5	auf	alarm/modify_alarm	O
6	achte	alarm/modify_alarm	B-datetime
7	in	alarm/modify_alarm	O
8	der	alarm/modify_alarm	O
9	Fria	alarm/modify_alarm	B-location
10	.	alarm/modify_alarm	O

# id: 101
# intent: BookRestaurant
# text: Stei den Wecka von Simme auf Achte
1	Stei	alarm/modify_alarm	O
2	den	alarm/modify_alarm	O
3	Wecka	alarm/modify_alarm	B-movie_name
4	von	alarm/modify_alarm	I-movie_name
5	Simme	alarm/modify_alarm	I-movie_name
6	auf	alarm/modify_alarm	O
7	Achte	alarm/modify_alarm	B-datetime

# id: 102
# intent: PlayMusic
# text: Stoi mein Wecka vo Sime auf Achte
1	Stoi	alarm/modify_alarm	O
2	mein	alarm/modify_alarm	B-track
3	Wecka	alarm/modify_alarm	I-track
4	vo	alarm/modify_alarm	O
5	Sime	alarm/modify_alarm	B-track
6	auf	alarm/modify_alarm	O
7	Achte	alarm/modify_alarm	B-datetime

# id: 103
# intent: weather/find
# text: ända mein wecka, der um ochti is, auf siemi
1	ända	alarm/modify_alarm	O
2	mein	alarm/modify_alarm	O
3	wecka	alarm/modify_alarm	O
4	,	alarm/modify_alarm	O
5	der	alarm/modify_alarm	O
6	um	alarm/modify_alarm	O
7	ochti	alarm/modify_alarm	B-location
8	is	alarm/modify_alarm	O
9	,	alarm/modify_alarm	O
10	auf	alarm/modify_alarm	O
11	siemi	alarm/modify_alarm	B-datetime

# id: 104
# intent: weather/find
# text: I mog an wecka stein 
1	I	alarm/set_alarm	O
2	mog	alarm/set_alarm	O
3	an	alarm/set_alarm	O
4	wecka	alarm/set_alarm	B-datetime
5	stein	alarm/set_alarm	B-weather/attribute

# id: 105
# intent: alarm/snooze_alarm
# text: Stei ma an Wecka auf 8 Uhr.
1	Stei	alarm/set_alarm	O
2	ma	alarm/set_alarm	O
3	an	alarm/set_alarm	O
4	Wecka	alarm/set_alarm	B-location
5	auf	alarm/set_alarm	O
6	8	alarm/set_alarm	B-datetime
7	Uhr	alarm/set_alarm	I-datetime
8	.	alarm/set_alarm	O

# id: 106
# intent: PlayMusic
# text: Stell mein wegga auf 6.00
1	Stell	alarm/set_alarm	O
2	mein	alarm/set_alarm	O
3	wegga	alarm/set_alarm	B-weather/attribute
4	auf	alarm/set_alarm	O
5	6.00	alarm/set_alarm	B-datetime

# id: 107
# intent: weather/find
# text: Stei ma an Wecker auf achte.
1	Stei	alarm/set_alarm	O
2	ma	alarm/set_alarm	O
3	an	alarm/set_alarm	O
4	Wecker	alarm/set_alarm	B-location
5	auf	alarm/set_alarm	O
6	achte	alarm/set_alarm	B-datetime
7	.	alarm/set_alarm	O

# id: 108
# intent: alarm/snooze_alarm
# text: Stoi ma an Wegga auf 7 Uhr.
1	Stoi	alarm/set_alarm	O
2	ma	alarm/set_alarm	O
3	an	alarm/set_alarm	O
4	Wegga	alarm/set_alarm	B-location
5	auf	alarm/set_alarm	O
6	7	alarm/set_alarm	B-datetime
7	Uhr	alarm/set_alarm	I-datetime
8	.	alarm/set_alarm	O

# id: 109
# intent: weather/find
# text: weck mi moing um hoibe acht
1	weck	alarm/set_alarm	O
2	mi	alarm/set_alarm	B-location
3	moing	alarm/set_alarm	I-location
4	um	alarm/set_alarm	O
5	hoibe	alarm/set_alarm	B-location
6	acht	alarm/set_alarm	I-location

# id: 110
# intent: weather/find
# text: mach an wegga für 8e
1	mach	alarm/set_alarm	O
2	an	alarm/set_alarm	O
3	wegga	alarm/set_alarm	B-weather/attribute
4	für	alarm/set_alarm	O
5	8e	alarm/set_alarm	B-datetime

# id: 111
# intent: weather/find
# text: Stöh man an Wecka morgn um siebane
1	Stöh	alarm/set_alarm	O
2	man	alarm/set_alarm	O
3	an	alarm/set_alarm	O
4	Wecka	alarm/set_alarm	B-datetime
5	morgn	alarm/set_alarm	I-datetime
6	um	alarm/set_alarm	O
7	siebane	alarm/set_alarm	B-location

# id: 112
# intent: BookRestaurant
# text: Stoi ma an Wecker um 7e
1	Stoi	alarm/set_alarm	B-restaurant_name
2	ma	alarm/set_alarm	I-restaurant_name	
3	an	alarm/set_alarm	I-restaurant_name
4	Wecker	alarm/set_alarm	I-restaurant_name
5	um	alarm/set_alarm	B-datetime
6	7e	alarm/set_alarm	I-datetime

# id: 113
# intent: weather/find
# text: stei ma den Wecka auf achte in der Fria.
1	stei	alarm/set_alarm	O
2	ma	alarm/set_alarm	O
3	den	alarm/set_alarm	O
4	Wecka	alarm/set_alarm	B-datetime
5	auf	alarm/set_alarm	O
6	achte	alarm/set_alarm	B-datetime
7	in	alarm/set_alarm	O
8	der	alarm/set_alarm	O
9	Fria	alarm/set_alarm	B-location
10	.	alarm/set_alarm	O

# id: 114
# intent: BookRestaurant
# text: Stei an Wecker auf Achte
1	Stei	alarm/set_alarm	O
2	an	alarm/set_alarm	O
3	Wecker	alarm/set_alarm	B-weather/attribute
4	auf	alarm/set_alarm	O
5	Achte	alarm/set_alarm	B-datetime

# id: 115
# intent: BookRestaurant
# text: Stoi ma an Wecka auf Sime
1	Stoi	alarm/set_alarm	O
2	ma	alarm/set_alarm	O
3	an	alarm/set_alarm	O
4	Wecka	alarm/set_alarm	B-datetime
5	auf	alarm/set_alarm	O
6	Sime	alarm/set_alarm	B-location

# id: 116
# intent: weather/find
# text: stö ma an wecka auf neini
1	stö	alarm/set_alarm	O
2	ma	alarm/set_alarm	O
3	an	alarm/set_alarm	O
4	wecka	alarm/set_alarm	O
5	auf	alarm/set_alarm	O
6	neini	alarm/set_alarm	B-location

# id: 117
# intent: weather/find
# text: Zoag Ma meine wecka 
1	Zoag	alarm/show_alarms	B-track
2	Ma	alarm/show_alarms	I-track
3	meine	alarm/show_alarms	I-track
4	wecka	alarm/show_alarms	I-track

# id: 118
# intent: weather/find
# text: Zoag ma meine Wecka.
1	Zoag	alarm/show_alarms	O
2	ma	alarm/show_alarms	O
3	meine	alarm/show_alarms	O
4	wecka	alarm/show_alarms	O
5	.	alarm/show_alarms	O

# id: 119
# intent: weather/find
# text: Wann is mei wegga gsdäidt?
1	Wann	alarm/show_alarms	O
2	is	alarm/show_alarms	O
3	mei	alarm/show_alarms	O
4	wegga	alarm/show_alarms	B-weather/attribute
5	gsdäidt	alarm/show_alarms	O
6	?	alarm/show_alarms	O

# id: 120
# intent: SearchCreativeWork
# text: Zoag ma olle aktiven Wecka.
1	Zoag	alarm/show_alarms	O
2	ma	alarm/show_alarms	O
3	olle	alarm/show_alarms	O
4	aktiven	alarm/show_alarms	O
5	Wecka	alarm/show_alarms	B-movie_name
6	.	alarm/show_alarms	O

# id: 121
# intent: weather/find
# text: Zoag ma meine Wegga.
1	Zoag	alarm/show_alarms	O
2	ma	alarm/show_alarms	O	
3	meine	alarm/show_alarms	O
4	Wegga	alarm/show_alarms	B-weather/attribute
5	.	alarm/show_alarms	O

# id: 122
# intent: weather/find
# text: wos für Wecker hob i?
1	wos	alarm/show_alarms	O
2	für	alarm/show_alarms	O
3	Wecker	alarm/show_alarms	B-location
4	hob	alarm/show_alarms	I-location
5	i?	alarm/show_alarms	O

# id: 123
# intent: weather/find
# text: zoag ma olle meine wegga
1	zoag	alarm/show_alarms	O
2	ma	alarm/show_alarms	O
3	olle	alarm/show_alarms	O
4	meine	alarm/show_alarms	O
5	wegga	alarm/show_alarms	O

# id: 124
# intent: reminder/set_reminder
# text: Zag ma amoi olle meine Wecka
1	Zag	alarm/show_alarms	O
2	ma	alarm/show_alarms	O
3	amoi	alarm/show_alarms	O
4	olle	alarm/show_alarms	B-track
5	meine	alarm/show_alarms	I-track
6	Wecka	alarm/show_alarms	I-track

# id: 125
# intent: weather/find
# text: woichane Wecker hab i gstoid?
1	woichane	alarm/show_alarms	O
2	Wecker	alarm/show_alarms	B-weather/attribute
3	hob	alarm/show_alarms	B-weather/attribute
4	i	alarm/show_alarms	O
5	gstoid	alarm/show_alarms	O
6	?	alarm/show_alarms	O

# id: 126
# intent: weather/find
# text: auf wia fui Uhr isn der Wecka steid?
1	auf	alarm/show_alarms	O
2	wia	alarm/show_alarms	O
3	fui	alarm/show_alarms	O
4	Uhr	alarm/show_alarms	O
5	isn	alarm/show_alarms	O
6	der	alarm/show_alarms	O
7	Wecka	alarm/show_alarms	B-location
8	steid	alarm/show_alarms	I-location
9	?	alarm/show_alarms	O

# id: 127
# intent: weather/find
# text: Wann san meine Wecker gstellt 
1	Wann	alarm/show_alarms	O
2	san	alarm/show_alarms	O
3	meine	alarm/show_alarms	O
4	Wecker	alarm/show_alarms	B-weather/attribute
5	gstellt	alarm/show_alarms	O

# id: 128
# intent: weather/find
# text: Zoag meine Wecka
1	Zoag	alarm/show_alarms	B-track
2	meine	alarm/show_alarms	I-track
3	Wecka	alarm/show_alarms	I-track

# id: 129
# intent: BookRestaurant
# text: wechan wecka hob i drinnen
1	wechan	alarm/show_alarms	B-movie_name
2	wecka	alarm/show_alarms	I-movie_name
3	hob	alarm/show_alarms	I-movie_name
4	i	alarm/show_alarms	I-movie_name
5	drinnen	alarm/show_alarms	I-movie_name

# id: 130
# intent: weather/find
# text: Dua den wecka auf schlumman 
1	Dua	alarm/snooze_alarm	B-location
2	den	alarm/snooze_alarm	O
3	wecka	alarm/snooze_alarm	O
4	auf	alarm/snooze_alarm	O
5	schlumman	alarm/snooze_alarm	B-location

# id: 131
# intent: alarm/snooze_alarm
# text: Snooze an Wecka.
1	Snooze	alarm/snooze_alarm	O
2	an	alarm/snooze_alarm	O
3	Wecka	alarm/snooze_alarm	B-location
4	.	alarm/snooze_alarm	O

# id: 132
# intent: BookRestaurant
# text: Schdäi an wegga weider 
1	Schdäi	alarm/snooze_alarm	O
2	an	alarm/snooze_alarm	O
3	wegga	alarm/snooze_alarm	B-location
4	weider	alarm/snooze_alarm	I-location

# id: 133
# intent: alarm/snooze_alarm
# text: Snooze den Wecka.
1	Snooze	alarm/snooze_alarm	O
2	den	alarm/snooze_alarm	B-object_name
3	Wecka	alarm/snooze_alarm	I-object_name
4	.	alarm/snooze_alarm	O

# id: 134
# intent: weather/find
# text: loss an Wegga schlummern.
1	loss	alarm/snooze_alarm	O
2	an	alarm/snooze_alarm	O
3	Wegga	alarm/snooze_alarm	B-location
4	schlummern	alarm/snooze_alarm	I-location
5	.	alarm/snooze_alarm	O

# id: 135
# intent: BookRestaurant
# text: lass mi schlaffa
1	lass	alarm/snooze_alarm	O
2	mi	alarm/snooze_alarm	B-track
3	schlaffa	alarm/snooze_alarm	I-track

# id: 136
# intent: BookRestaurant
# text: druck auf schlummern
1	druck	alarm/snooze_alarm	B-weather/attribute
2	auf	alarm/snooze_alarm	O
3	schlummern	alarm/snooze_alarm	O

# id: 137
# intent: alarm/snooze_alarm
# text: Snooze mein Wecker.
1	Snooze	alarm/snooze_alarm	O
2	mein	alarm/snooze_alarm	O
3	Wecker	alarm/snooze_alarm	O
4	.	alarm/snooze_alarm	O

# id: 138
# intent: weather/find
# text: lass den Wecka no a bissl schlummern.
1	lass	alarm/snooze_alarm	O
2	den	alarm/snooze_alarm	O
3	Wecka	alarm/snooze_alarm	B-datetime
4	no	alarm/snooze_alarm	O
5	a	alarm/snooze_alarm	O
6	bissl	alarm/snooze_alarm	O
7	schlummern	alarm/snooze_alarm	O
8	.	alarm/snooze_alarm	O

# id: 139
# intent: alarm/snooze_alarm
# text: Snooze den Wecker
1	Snooze	alarm/snooze_alarm	O
2	den	alarm/snooze_alarm	O
3	Wecker	alarm/snooze_alarm	O

# id: 140
# intent: alarm/snooze_alarm
# text: Snooze an Wecka
1	Snooze	alarm/snooze_alarm	O
2	an	alarm/snooze_alarm	O
3	Wecka	alarm/snooze_alarm	B-location

# id: 141
# intent: alarm/snooze_alarm
# text: snooza mein wecka oba zackig
1	snooza	alarm/snooze_alarm	O
2	mein	alarm/snooze_alarm	B-reference
3	wecka	alarm/snooze_alarm	O
4	oba	alarm/snooze_alarm	O
5	zackig	alarm/snooze_alarm	B-weather/attribute

# id: 142
# intent: weather/find
# text: Wia Long no bis dea wecka klingelt 
1	Wia	alarm/time_left_on_alarm	O
2	Long	alarm/time_left_on_alarm	O
3	no	alarm/time_left_on_alarm	O
4	bis	alarm/time_left_on_alarm	O
5	dea	alarm/time_left_on_alarm	O
6	wecka	alarm/time_left_on_alarm	O
7	klingelt	alarm/time_left_on_alarm	O

# id: 143
# intent: weather/find
# text: Wia lang no bis da Wecka klingelt?
1	Wia	alarm/time_left_on_alarm	O
2	lang	alarm/time_left_on_alarm	O
3	no	alarm/time_left_on_alarm	O
4	bis	alarm/time_left_on_alarm	O
5	da	alarm/time_left_on_alarm	O
6	Wecka	alarm/time_left_on_alarm	O
7	klingelt	alarm/time_left_on_alarm	O
8	?	alarm/time_left_on_alarm	O

# id: 144
# intent: weather/find
# text: Wann leid mei wegga?
1	Wann	alarm/time_left_on_alarm	O
2	leid	alarm/time_left_on_alarm	O
3	mei	alarm/time_left_on_alarm	O
4	wegga	alarm/time_left_on_alarm	B-weather/attribute
5	?	alarm/time_left_on_alarm	O

# id: 145
# intent: weather/find
# text: Wia lang is no bis da Wecka klingelt?
1	Wia	alarm/time_left_on_alarm	O
2	lang	alarm/time_left_on_alarm	O
3	is	alarm/time_left_on_alarm	O
4	no	alarm/time_left_on_alarm	O
5	bis	alarm/time_left_on_alarm	O
6	da	alarm/time_left_on_alarm	O
7	Wecka	alarm/time_left_on_alarm	O
8	klingelt	alarm/time_left_on_alarm	O
9	?	alarm/time_left_on_alarm	O

# id: 146
# intent: BookRestaurant
# text: Wia lang hob i no bis mei Wegga leit?
1	Wia	alarm/time_left_on_alarm	O
2	lang	alarm/time_left_on_alarm	O
3	hob	alarm/time_left_on_alarm	O
4	i	alarm/time_left_on_alarm	O
5	no	alarm/time_left_on_alarm	O
6	bis	alarm/time_left_on_alarm	O
7	mei	alarm/time_left_on_alarm	O
8	Wegga	alarm/time_left_on_alarm	B-location
9	leit	alarm/time_left_on_alarm	O
10	?	alarm/time_left_on_alarm	O

# id: 147
# intent: SearchScreeningEvent
# text: wann klingelt da Wecker
1	wann	alarm/time_left_on_alarm	O
2	klingelt	alarm/time_left_on_alarm	O
3	da	alarm/time_left_on_alarm	O
4	Wecker	alarm/time_left_on_alarm	O

# id: 148
# intent: weather/find
# text: wie lang nu bis da wegga losgeht
1	wie	alarm/time_left_on_alarm	O
2	lang	alarm/time_left_on_alarm	O
3	nu	alarm/time_left_on_alarm	O
4	bis	alarm/time_left_on_alarm	O
5	da	alarm/time_left_on_alarm	O
6	wegga	alarm/time_left_on_alarm	O
7	losgeht	alarm/time_left_on_alarm	O

# id: 149
# intent: weather/find
# text: Waun is denn mei Wecka
1	Waun	alarm/time_left_on_alarm	O
2	is	alarm/time_left_on_alarm	O
3	denn	alarm/time_left_on_alarm	O
4	mei	alarm/time_left_on_alarm	O
5	Wecka	alarm/time_left_on_alarm	B-location

# id: 150
# intent: weather/find
# text: Wie lang dauerts no bis mei Wecker klingelt
1	Wie	alarm/time_left_on_alarm	O
2	lang	alarm/time_left_on_alarm	O
3	dauerts	alarm/time_left_on_alarm	O
4	no	alarm/time_left_on_alarm	B-datetime
5	bis	alarm/time_left_on_alarm	O
6	mei	alarm/time_left_on_alarm	O
7	Wecker	alarm/time_left_on_alarm	O
8	klingelt	alarm/time_left_on_alarm	O

# id: 151
# intent: weather/find
# text: wie fui Uhr is? Wie lang no bis der bläde Wecka klingelt?
1	wie	alarm/time_left_on_alarm	O
2	fui	alarm/time_left_on_alarm	B-weather/attribute
3	Uhr	alarm/time_left_on_alarm	O
4	is	alarm/time_left_on_alarm	O
5	?	alarm/time_left_on_alarm	O
6	Wie	alarm/time_left_on_alarm	O
7	lang	alarm/time_left_on_alarm	O
8	no	alarm/time_left_on_alarm	O
9	bis	alarm/time_left_on_alarm	O
10	der	alarm/time_left_on_alarm	O
11	bläde	alarm/time_left_on_alarm	O
12	Wecka	alarm/time_left_on_alarm	O
13	klingelt	alarm/time_left_on_alarm	O
14	?	alarm/time_left_on_alarm	O

# id: 152
# intent: weather/find
# text: Wann klinglt da Wecka 
1	Wann	alarm/time_left_on_alarm	O
2	klinglt	alarm/time_left_on_alarm	O
3	da	alarm/time_left_on_alarm	O
4	Wecka	alarm/time_left_on_alarm	B-location

# id: 153
# intent: weather/find
# text: Wia lang dauerts no bis mei Wecka klingelt?
1	Wia	alarm/time_left_on_alarm	O
2	lang	alarm/time_left_on_alarm	O
3	dauerts	alarm/time_left_on_alarm	O
4	no	alarm/time_left_on_alarm	O
5	bis	alarm/time_left_on_alarm	O
6	mei	alarm/time_left_on_alarm	O
7	Wecka	alarm/time_left_on_alarm	B-location
8	klingelt	alarm/time_left_on_alarm	O
9	?	alarm/time_left_on_alarm	O

# id: 154
# intent: weather/find
# text: wie lang kaun i nu im bett liegn
1	wie	alarm/time_left_on_alarm	O
2	lang	alarm/time_left_on_alarm	B-weather/attribute
3	kaun	alarm/time_left_on_alarm	I-weather/attribute
4	i	alarm/time_left_on_alarm	O
5	nu	alarm/time_left_on_alarm	O
6	im	alarm/time_left_on_alarm	O
7	bett	alarm/time_left_on_alarm	O
8	liegn	alarm/time_left_on_alarm	O

# id: 155
# intent: SearchCreativeWork
# text: Lösch de Erinnerung.
1	Lösch	reminder/cancel_reminder	B-object_name
2	de	reminder/cancel_reminder	I-object_name
3	Erinnerung	reminder/cancel_reminder	I-object_name
4	.	reminder/cancel_reminder	O

# id: 156
# intent: SearchCreativeWork
# text: Lösch mei letzte Erinnerung 
1	Lösch	reminder/cancel_reminder	B-object_name
2	mei	reminder/cancel_reminder	I-object_name
3	letzte	reminder/cancel_reminder	I-object_name
4	Erinnerung	reminder/cancel_reminder	I-object_name

# id: 157
# intent: SearchCreativeWork
# text: Lösch de Erinnerung.
1	Lösch	reminder/cancel_reminder	B-object_name
2	de	reminder/cancel_reminder	I-object_name
3	Erinnerung	reminder/cancel_reminder	I-object_name
4	.	reminder/cancel_reminder	O

# id: 158
# intent: SearchCreativeWork
# text: Lösch mei Erinnerung.
1	Lösch	reminder/cancel_reminder	O
2	mei	reminder/cancel_reminder	B-object_name
3	Erinnerung	reminder/cancel_reminder	I-object_name
4	.	reminder/cancel_reminder	O

# id: 159
# intent: SearchCreativeWork
# text: lösch die letzte Erinnerung, die i erstellt hob
1	lösch	reminder/cancel_reminder	O
2	die	reminder/cancel_reminder	O
3	letzte	reminder/cancel_reminder	B-object_name
4	Erinnerung	reminder/cancel_reminder	I-object_name
5	,	reminder/cancel_reminder	O
6	die	reminder/cancel_reminder	O
7	i	reminder/cancel_reminder	O
8	erstellt	reminder/cancel_reminder	O
9	hob	reminder/cancel_reminder	O

# id: 160
# intent: reminder/set_reminder
# text: lösch de erinnerung
1	lösch	reminder/cancel_reminder	O
2	de	reminder/cancel_reminder	O
3	erinnerung	reminder/cancel_reminder	B-weather/attribute

# id: 161
# intent: SearchCreativeWork
# text: Lösch mei Erinnerung
1	Lösch	reminder/cancel_reminder	O
2	mei	reminder/cancel_reminder	O
3	Erinnerung	reminder/cancel_reminder	B-object_name

# id: 162
# intent: SearchCreativeWork
# text: mach amoi die Erinnerung raus.
1	mach	reminder/cancel_reminder	O
2	amoi	reminder/cancel_reminder	B-object_name
3	die	reminder/cancel_reminder	I-object_name
4	Erinnerung	reminder/cancel_reminder	I-object_name
5	raus	reminder/cancel_reminder	I-object_name
6	.	reminder/cancel_reminder	O

# id: 163
# intent: SearchCreativeWork
# text: Erinnerung löschen
1	Erinnerung	reminder/cancel_reminder	O
2	löschen	reminder/cancel_reminder	O

# id: 164
# intent: SearchCreativeWork
# text: Lösch de Erinnerung
1	Lösch	reminder/cancel_reminder	B-object_name
2	de	reminder/cancel_reminder	I-object_name
3	Erinnerung	reminder/cancel_reminder	I-object_name

# id: 165
# intent: BookRestaurant
# text: lösch mei erinnerung fir moneyboy horchn
1	lösch	reminder/cancel_reminder	O
2	mei	reminder/cancel_reminder	O
3	erinnerung	reminder/cancel_reminder	O
4	fir	reminder/cancel_reminder	O
5	moneyboy	reminder/cancel_reminder	B-location
6	horchn	reminder/cancel_reminder	I-location

# id: 166
# intent: SearchCreativeWork
# text: I mechad gean a Erinnerung setza 
1	I	reminder/set_reminder	O
2	mechad	reminder/set_reminder	O
3	gean	reminder/set_reminder	B-movie_name
4	a	reminder/set_reminder	I-movie_name
5	Erinnerung	reminder/set_reminder	I-movie_name
6	setza	reminder/set_reminder	I-movie_name

# id: 167
# intent: SearchScreeningEvent
# text: Mach a Erinnerung, dass i an Papa in 10 Minuten oruafa muas.
1	Mach	reminder/set_reminder	O
2	a	reminder/set_reminder	O
3	Erinnerung	reminder/set_reminder	O
4	,	reminder/set_reminder	O
5	dass	reminder/set_reminder	O
6	i	reminder/set_reminder	O
7	an	reminder/set_reminder	O
8	Papa	reminder/set_reminder	O
9	in	reminder/set_reminder	B-datetime
10	10	reminder/set_reminder	I-datetime
11	Minuten	reminder/set_reminder	I-datetime
12	oruafa	reminder/set_reminder	O
13	muas	reminder/set_reminder	O
14	.	reminder/set_reminder	O

# id: 168
# intent: weather/find
# text: Erinner mi in 10 Minuten das i telefoniern muass
1	Erinner	reminder/set_reminder	O
2	mi	reminder/set_reminder	B-location
3	in	reminder/set_reminder	B-datetime
4	10	reminder/set_reminder	I-datetime
5	Minuten	reminder/set_reminder	I-datetime
6	das	reminder/set_reminder	O
7	i	reminder/set_reminder	O
8	telefoniern	reminder/set_reminder	O
9	muass	reminder/set_reminder	O

# id: 169
# intent: BookRestaurant
# text: Erinner mi in 10 Minudn, dass i eikaffa geh wuid.
1	Erinner	reminder/set_reminder	O
2	mi	reminder/set_reminder	O
3	in	reminder/set_reminder	B-datetime
4	10	reminder/set_reminder	I-datetime
5	Minudn	reminder/set_reminder	I-datetime
6	,	reminder/set_reminder	O
7	dass	reminder/set_reminder	O
8	i	reminder/set_reminder	O
9	eikaffa	reminder/set_reminder	B-reminder/todo
10	geh	reminder/set_reminder	I-reminder/todo
11	wuid	reminder/set_reminder	I-reminder/todo
12	.	reminder/set_reminder	O

# id: 170
# intent: BookRestaurant
# text: Erstoi ma a Erinnerung, dass i um 5 an Tobi obhoin muas.
1	Erstoi	reminder/set_reminder	O
2	ma	reminder/set_reminder	O
3	a	reminder/set_reminder	O
4	Erinnerung	reminder/set_reminder	O
5	,	reminder/set_reminder	O
6	dass	reminder/set_reminder	O
7	i	reminder/set_reminder	O
8	um	reminder/set_reminder	O
9	5	reminder/set_reminder	B-datetime
10	an	reminder/set_reminder	O
11	Tobi	reminder/set_reminder	B-location
12	obhoin	reminder/set_reminder	O
13	muas	reminder/set_reminder	O
14	.	reminder/set_reminder	O

# id: 171
# intent: reminder/set_reminder
# text: erinner mi dro, dass i am Niklas am 8. April zum Geburtstag gratulier
1	erinner	reminder/set_reminder	O
2	mi	reminder/set_reminder	O
3	dro	reminder/set_reminder	O
4	,	reminder/set_reminder	O
5	dass	reminder/set_reminder	O
6	i	reminder/set_reminder	O
7	am	reminder/set_reminder	O
8	Niklas	reminder/set_reminder	B-reminder/todo
9	am	reminder/set_reminder	O
10	8	reminder/set_reminder	B-datetime
11	.	reminder/set_reminder	I-datetime
12	April	reminder/set_reminder	I-datetime
13	zum	reminder/set_reminder	O
14	Geburtstag	reminder/set_reminder	O
15	gratulier	reminder/set_reminder	O

# id: 172
# intent: weather/find
# text: mach a erinnerung für mein Auflauf in 25 min
1	mach	reminder/set_reminder	O
2	a	reminder/set_reminder	O
3	erinnerung	reminder/set_reminder	O
4	für	reminder/set_reminder	O
5	mein	reminder/set_reminder	O
6	Auflauf	reminder/set_reminder	O
7	in	reminder/set_reminder	B-datetime
8	25	reminder/set_reminder	I-datetime
9	min	reminder/set_reminder	I-datetime

# id: 173
# intent: reminder/set_reminder
# text: Stoi a Erinnerung, dass i zur Bank muas
1	Stoi	reminder/set_reminder	O
2	a	reminder/set_reminder	O
3	Erinnerung	reminder/set_reminder	O
4	,	reminder/set_reminder	O
5	dass	reminder/set_reminder	O
6	i	reminder/set_reminder	B-reminder/todo
7	zur	reminder/set_reminder	I-reminder/todo
8	Bank	reminder/set_reminder	I-reminder/todo
9	muas	reminder/set_reminder	O

# id: 174
# intent: weather/find
# text: mach a neie Erinnerung in mein Kalender, dass i morgen erst um zehne ind Uni nei muas.
1	mach	reminder/set_reminder	O
2	a	reminder/set_reminder	O
3	neie 	reminder/set_reminder	O
4	Erinnerung 	reminder/set_reminder	O
5	in 	reminder/set_reminder	O
6	mein 	reminder/set_reminder	O
7	Kalender	reminder/set_reminder	O
8	,	reminder/set_reminder	O
9	dass 	reminder/set_reminder	O
10	i 	reminder/set_reminder	O
11	morgen 	reminder/set_reminder	O
12	erst 	reminder/set_reminder	O
13	um 	reminder/set_reminder	O
14	zehne 	reminder/set_reminder	O
15	ind 	reminder/set_reminder	O
16	Uni 	reminder/set_reminder	O
17	nei 	reminder/set_reminder	O
18	muas	reminder/set_reminder	O
19	.	reminder/set_reminder	O

# id: 175
# intent: BookRestaurant
# text: Erinnerungen heid um hoibe Simme für Muich und Butta eikaufa 
1	Erinnerungen	reminder/set_reminder	O
2	heid	reminder/set_reminder	O
3	um	reminder/set_reminder	O
4	hoibe	reminder/set_reminder	B-location
5	Simme	reminder/set_reminder	I-location
6	für	reminder/set_reminder	O
7	Muich	reminder/set_reminder	B-party_size_description
8	und	reminder/set_reminder	I-party_size_description
9	Butta	reminder/set_reminder	I-party_size_description
10	eikaufa	reminder/set_reminder	I-party_size_description

# id: 176
# intent: alarm/set_alarm
# text: setz a Erinnerung, dass i in 15 Minuten meine Medikamente nehma muas 
1	setz	reminder/set_reminder	O
2	a	reminder/set_reminder	O
3	Erinnerung	reminder/set_reminder	O
4	,	reminder/set_reminder	O
5	dass	reminder/set_reminder	O
6	i	reminder/set_reminder	O
7	in	reminder/set_reminder	B-datetime
8	15	reminder/set_reminder	I-datetime
9	Minuten	reminder/set_reminder	I-datetime
10	meine	reminder/set_reminder	O
11	Medikamente	reminder/set_reminder	O
12	nehma	reminder/set_reminder	O
13	muas	reminder/set_reminder	O

# id: 177
# intent: weather/find
# text: moch ma erinnerung, dassi mein vota um zwa aurufn muas
1	moch	reminder/set_reminder	O
2	ma	reminder/set_reminder	O
3	erinnerung	reminder/set_reminder	O
4	,	reminder/set_reminder	O
5	dassi	reminder/set_reminder	O
6	mein	reminder/set_reminder	B-reminder/todo
7	vota	reminder/set_reminder	I-reminder/todo
8	um	reminder/set_reminder	I-reminder/todo
9	zwa	reminder/set_reminder	I-reminder/todo
10	aurufn	reminder/set_reminder	I-reminder/todo
11	muas	reminder/set_reminder	O

# id: 178
# intent: SearchCreativeWork
# text: Zoag ma eine Erinnerungen 
1	Zoag	reminder/show_reminders	O
2	ma	reminder/show_reminders	O
3	eine	reminder/show_reminders	O
4	Erinnerungen	reminder/show_reminders	O

# id: 179
# intent: SearchCreativeWork
# text: Weiche Erinnerungen hob i?
1	Weiche	reminder/show_reminders	B-object_name
2	Erinnerungen	reminder/show_reminders	I-object_name
3	hob	reminder/show_reminders	O
4	i	reminder/show_reminders	O
5	?	reminder/show_reminders	O

# id: 180
# intent: SearchCreativeWork
# text: Wäiche Erinnerungen san gspeichert?
1	Wäiche	reminder/show_reminders	O
2	Erinnerungen	reminder/show_reminders	B-object_name
3	san	reminder/show_reminders	O
4	gspeichert	reminder/show_reminders	O
5	?	reminder/show_reminders	O

# id: 181
# intent: SearchCreativeWork
# text: Zoag ma olle Erinnerungen.
1	Zoag	reminder/show_reminders	O
2	ma	reminder/show_reminders	B-object_name
3	olle	reminder/show_reminders	I-object_name
4	Erinnerungen	reminder/show_reminders	I-object_name
5	.	reminder/show_reminders	O

# id: 182
# intent: SearchCreativeWork
# text: Zoag ma meine Erinnerungen.
1	Zoag	reminder/show_reminders	O
2	ma	reminder/show_reminders	O
3	meine	reminder/show_reminders	B-object_name
4	Erinnerungen	reminder/show_reminders	I-object_name
5	.	reminder/show_reminders	O

# id: 183
# intent: BookRestaurant
# text: Wos für Erinnerungen hob i
1	Wos	reminder/show_reminders	O
2	für	reminder/show_reminders	O
3	Erinnerungen	reminder/show_reminders	B-object_name
4	hob	reminder/show_reminders	O
5	i	reminder/show_reminders	O

# id: 184
# intent: weather/find	
# text: zoag ma olle meine erinnerungen
1	zoag	reminder/show_reminders	O
2	ma	reminder/show_reminders	O
3	olle	reminder/show_reminders	O
4	meine	reminder/show_reminders	O
5	erinnerungen	reminder/show_reminders	O

# id: 185
# intent: SearchCreativeWork
# text: Woichane Erinnerungen hob i?
1	Woichane	reminder/show_reminders	O
2	Erinnerungen	reminder/show_reminders	B-object_name
3	hob	reminder/show_reminders	O
4	i	reminder/show_reminders	O
5	?	reminder/show_reminders	O

# id: 186
# intent: weather/find
# text: weiche Erinnerungen san für heid geplant?
1	weiche	reminder/show_reminders	O
2	Erinnerungen	reminder/show_reminders	O
3	san	reminder/show_reminders	O
4	für	reminder/show_reminders	O
5	heid	reminder/show_reminders	B-weather/attribute
6	geplant	reminder/show_reminders	O
7	?	reminder/show_reminders	O

# id: 187
# intent: SearchCreativeWork
# text: Zoag ma meine Erinnerungen 
1	Zoag	reminder/show_reminders	O
2	ma	reminder/show_reminders	O
3	meine	reminder/show_reminders	B-object_name
4	Erinnerungen	reminder/show_reminders	I-object_name

# id: 188
# intent: SearchCreativeWork
# text: Zoag ma meine Erinnerungen 
1	Zoag	reminder/show_reminders	O
2	ma	reminder/show_reminders	O
3	meine	reminder/show_reminders	B-object_name
4	Erinnerungen	reminder/show_reminders	I-object_name

# id: 189
# intent: weather/find
# text: wöchi erinnungen hobi grod
1	wöchi	reminder/show_reminders	O
2	erinnungen	reminder/show_reminders	B-location
3	hobi	reminder/show_reminders	I-location
4	grod	reminder/show_reminders	I-location

# id: 190
# intent: weather/find
# text: Wia isn des wedda
1	Wia	weather/find	O
2	isn	weather/find	O
3	des	weather/find	O
4	wedda	weather/find	B-weather/attribute

# id: 191
# intent: weather/find
# text: Wia is des Weda grod in Minga?
1	Wia	weather/find	O
2	is	weather/find	O
3	des	weather/find	O
4	Weda	weather/find	B-datetime
5	grod	weather/find	B-weather/attribute
6	in	weather/find	O
7	Minga	weather/find	B-location
8	?	weather/find	O

# id: 192
# intent: weather/find
# text: Wos is grod für a weda in äding?
1	Wos	weather/find	O
2	is	weather/find	O
3	grod	weather/find	B-weather/attribute
4	für	weather/find	O
5	a	weather/find	O
6	weda	weather/find	B-datetime
7	in	weather/find	O
8	äding	weather/find	B-location
9	?	weather/find	O

# id: 193
# intent: weather/find
# text: Wia is as Weda heid in Minga?
1	Wia	weather/find	O
2	is	weather/find	O
3	as	weather/find	O
4	Weda	weather/find	B-datetime
5	heid	weather/find	I-datetime
6	in	weather/find	O
7	Minga	weather/find	B-location
8	?	weather/find	O

# id: 194
# intent: weather/find
# text: Wia is as Weda grod in Burghausen?
1	Wia	weather/find	O
2	is	weather/find	O
3	as	weather/find	O
4	Weda	weather/find	B-restaurant_name
5	grod	weather/find	I-restaurant_name
6	in	weather/find	O
7	Burghausen	weather/find	B-location
8	?	weather/find	O

# id: 195
# intent: weather/find	
# text: wia is' Weda?
1	wia	weather/find	O
2	is	weather/find	O
3	'	weather/find	O
4	Weda	weather/find	B-datetime
5	?	weather/find	O

# id: 196
# intent: weather/find
# text: wie wirds weda moang in rotholz
1	wie	weather/find	O
2	wirds	weather/find	O
3	weda	weather/find	B-datetime
4	moang	weather/find	I-datetime
5	in	weather/find	O
6	rotholz	weather/find	B-location

# id: 197
# intent: SearchScreeningEvent
# text: Wia isn grod des Wetta in Rosnheim?
1	Wia	weather/find	O
2	isn	weather/find	O
3	grod	weather/find	B-movie_name
4	des	weather/find	I-movie_name
5	Wetta	weather/find	I-movie_name
6	in	weather/find	O
7	Rosnheim	weather/find	B-location
8	?	weather/find	O

# id: 198
# intent: SearchScreeningEvent
# text: Wie is as Wedda auf Malle?
1	Wie	weather/find	O
2	is	weather/find	O
3	as	weather/find	O
4	Wedda	weather/find	B-movie_name
5	auf	weather/find	I-movie_name
6	Malle	weather/find	I-movie_name
7	?	weather/find	O

# id: 199
# intent: weather/find
# text: wie isn des Weda drausn?
1	wie	weather/find	O
2	isn	weather/find	O
3	des	weather/find	O
4	Weda	weather/find	B-location
5	drausn?	weather/find	O

# id: 200
# intent: BookRestaurant
# text: Wia is a Weda in Deging 
1	Wia	weather/find	O
2	is	weather/find	O
3	a	weather/find	O
4	Weda	weather/find	B-datetime
5	in	weather/find	O
6	Deging	weather/find	B-location

# id: 201
# intent: weather/find
# text: Wia vui Grod werds heid wern? 
1	Wia	weather/find	O
2	vui	weather/find	O
3	Grod	weather/find	B-location
4	werds	weather/find	O
5	heid	weather/find	O
6	wern	weather/find	O
7	?	weather/find	O

# id: 202
# intent: weather/find
# text: wecha weda hods grod in minga
1	wecha	weather/find	O
2	weda	weather/find	B-datetime
3	hods	weather/find	O
4	grod	weather/find	B-weather/attribute
5	in	weather/find	O
6	minga	weather/find	B-location

# id: 1
# intent: AddToPlaylist
# text: dua "Marie" von de Draufgänger in mei Duid-Playlist. 
1	dua	AddToPlaylist	O
2	Marie	AddToPlaylist	B-entity_name
3	von	AddToPlaylist	I-entity_name
4	de	AddToPlaylist	I-entity_name
5	Draufgänger	AddToPlaylist	I-entity_name
6	in	AddToPlaylist	O
7	mei	AddToPlaylist	B-playlist
8	Duid-Playlist	AddToPlaylist	I-playlist
9	.	AddToPlaylist	O

# id: 2
# intent: BookRestaurant
# text: Reservier an Disch beim Müllerbräu z'Deging für 5 Leid um 7e auf Nacht 
1	Reservier	BookRestaurant	O
2	an	BookRestaurant	O
3	Disch	BookRestaurant	B-restaurant_name
4	beim	BookRestaurant	B-location
5	Müllerbräu	BookRestaurant	B-restaurant_name
6	z'	BookRestaurant	I-restaurant_name
7	Deging	BookRestaurant	I-restaurant_name
8	für	BookRestaurant	O
9	5	BookRestaurant	B-party_size_number
10	Leid	BookRestaurant	O
11	um	BookRestaurant	O
12	7e	BookRestaurant	B-datetime
13	auf	BookRestaurant	I-datetime
14	Nacht	BookRestaurant	I-datetime

# id: 3
# intent: SearchScreeningEvent
# text: spui Back in Black 
1	spui	PlayMusic	O
2	Back	PlayMusic	B-movie_name
3	in	PlayMusic	I-movie_name
4	Black	PlayMusic	I-movie_name

# id: 4
# intent: PlayMusic
# text: Dua des Liad zu meina Plailist dazua.
1	Dua	AddToPlaylist	O
2	des	AddToPlaylist	O
3	Liad	AddToPlaylist	B-movie_name
4	zu	AddToPlaylist	O
5	meina	AddToPlaylist	O
6	Plailist	AddToPlaylist	B-artist
7	dazua	AddToPlaylist	O
8	.	AddToPlaylist	O

# id: 5
# intent: AddToPlaylist
# text: dua "Lost" von Linkin Park auf mei Party-Playlist
1	dua 	AddToPlaylist 	O
2 	Lost	AddToPlaylist	B-entity_name
3	von	AddToPlaylist	O
4	Linkin	AddToPlaylist	B-artist
5	Park	AddToPlaylist	I-artist
6	auf	AddToPlaylist	O
7	mei	AddToPlaylist	B-playlist
8	Party-Playlist	AddToPlaylist	I-playlist

# id: 6
# intent: AddToPlaylist
# text: Dua "Hobafeiddreiba" in mei Voike-Playlist.
1	Dua	AddToPlaylist	B-artist
2	Hobafeiddreiba	AddToPlaylist	I-artist
3	in	AddToPlaylist	O
4	mei	AddToPlaylist	O
5	Voike-Playlist	AddToPlaylist	B-playlist

# id: 7
# intent: AddToPlaylist
# text: füg "dancing in the moonlight" zur Aufsteh-Playlist dazua
1	füg	AddToPlaylist	O
2	dancing	AddToPlaylist	B-entity_name
3	in	AddToPlaylist	I-entity_name
4	the	AddToPlaylist	I-entity_name
5	moonlight	AddToPlaylist	I-entity_name
6	zur	AddToPlaylist	O
7	Aufsteh-Playlist	AddToPlaylist	B-playlist
8	dazua	AddToPlaylist	I-playlist

# id: 8
# intent: SearchCreativeWork
# text: spui moi des Liadl von Elvis "Love me Tender"
1	spui	AddToPlaylist	O
2	moi	AddToPlaylist	O
3	des	AddToPlaylist	O
4	Liadl	AddToPlaylist	B-object_name
5	von	AddToPlaylist	I-object_name
6	Elvis	AddToPlaylist	I-object_name
7	Love	AddToPlaylist	I-object_name
8	me	AddToPlaylist	I-object_name
9	Tender	AddToPlaylist	I-object_name

# id: 9
# intent: AddToPlaylist
# text: Dua des Liadl des grod laft in mei Party Palylist
1 	Dua	AddToPlaylist	B-entity_name
2 	des	AddToPlaylist	I-entity_name
3 	Liadl	AddToPlaylist	I-entity_name
4 	des	AddToPlaylist	I-entity_name
5 	grod	AddToPlaylist	I-entity_name
6 	laft	AddToPlaylist	I-entity_name
7 	in	AddToPlaylist	O
8 	mei	AddToPlaylist	B-playlist
9 	Party	AddToPlaylist	B-playlist
10 	Palylist	AddToPlaylist	I-playlist

# id: 10
# intent: BookRestaurant
# text: Reservier Ma doch an Disch in Oiching am für uns fünfe 
1	Reservier	BookRestaurant O
2	Ma	BookRestaurant	O
3	doch	BookRestaurant	O
4	an	BookRestaurant	O	
5	Disch	BookRestaurant	B-restaurant_name
6	in	BookRestaurant	O
7	Oiching	BookRestaurant	B-location
8	am	BookRestaurant	O
9	für	BookRestaurant	O
10	uns	BookRestaurant	O
11	fünfe	BookRestaurant	B-datetime

# id: 11
# intent: BookRestaurant
# text: I mechat gern an Disch im Tuderinger füa 2 Leid reserviern.
1	I	BookRestaurant	O
2	mechat	BookRestaurant	O
3	gern	BookRestaurant	O
4	an	BookRestaurant	O
5	Disch	BookRestaurant	B-restaurant_name
6	im	BookRestaurant	I-restaurant_name
7	Tuderinger	BookRestaurant	I-restaurant_name
8	füa	BookRestaurant	O
9	2	BookRestaurant	B-datetime
10	Leid	BookRestaurant	I-datetime
11	reserviern	BookRestaurant	I-datetime
12	.	BookRestaurant	O

# id: 12
# intent: BookRestaurant
# text: reservier für 4 Leid moang um 12 beim Bartsch 
1	reservier	BookRestaurant	B-restaurant_type
2	für	BookRestaurant	O
3	4	BookRestaurant	B-party_size_number
4	Leid	BookRestaurant	B-restaurant_name
5	moang	BookRestaurant	I-restaurant_name
6	um	BookRestaurant	O
7	12	BookRestaurant	B-datetime
8	beim	BookRestaurant	O
9	Bartsch	BookRestaurant	B-location

# id: 13
# intent: BookRestaurant
# text: reservier am Sonndog um Zwoa an Disch für 6 Leid beim Steber in Massing.
1	reservier	BookRestaurant	O
2	am	BookRestaurant	O
3	Sonndog	BookRestaurant	B-restaurant_name
4	um	BookRestaurant	O
5	Zwoa	BookRestaurant	B-restaurant_name
6	an	BookRestaurant	O
7	Disch	BookRestaurant	B-restaurant_name
8	für	BookRestaurant	O
9	6	BookRestaurant	B-restaurant_name
10	Leid	BookRestaurant	I-restaurant_name
11	beim	BookRestaurant	I-restaurant_name
12	Steber	BookRestaurant	I-restaurant_name
13	in	BookRestaurant	O
14	Massing	BookRestaurant	B-location
15	.	BookRestaurant	O

# id: 14
# intent: BookRestaurant
# text: bstoi ma an Disch beim Inder füa sechs Leid um achte
1 	bstoi	BookRestaurant	O
2 	ma	BookRestaurant	B-restaurant_name
3 	an	BookRestaurant	I-restaurant_name
4 	Disch	BookRestaurant	I-restaurant_name
5 	beim	BookRestaurant	I-restaurant_name
6 	Inder	BookRestaurant	I-restaurant_name
7 	füa	BookRestaurant	O
8 	sechs	BookRestaurant	B-party_size_number
9 	Leid	BookRestaurant	O
10 	um	BookRestaurant	O
11 	achte	BookRestaurant	B-datetime

# id: 15
# intent: BookRestaurant
# text: Resavia mia an Disch um sechse in Jettenbach.
1	Resavia	BookRestaurant	O
2	mia	BookRestaurant	O
3	an	BookRestaurant	O
4	Disch	BookRestaurant	B-restaurant_name
5	um	BookRestaurant	O
6	sechse	BookRestaurant	B-datetime
7	in	BookRestaurant	O
8	Jettenbach	BookRestaurant	B-location
9	.	BookRestaurant	O

# id: 16
# intent: SearchCreativeWork
# text: Spui Ma wos von de Foofighters
1	Spui	PlayMusic	O
2	Ma	PlayMusic	O
3	wos	PlayMusic	O
4	von	PlayMusic	O
5	de	PlayMusic	O
6	Foofighters	PlayMusic	B-object_name

# id: 17
# intent: SearchCreativeWork
# text: Spui moi a boa Oldies
1	Spui	PlayMusic	O
2	moi	PlayMusic	B-object_name
3	a	PlayMusic	I-object_name
4	boa	PlayMusic	I-object_name
5	Oldies	PlayMusic	I-object_name

# id: 18
# intent: SearchCreativeWork
# text: Spui bitte Musicals 
1	Spui	PlayMusic	B-object_name
2	bitte	PlayMusic	I-object_name
3	Musicals	PlayMusic	I-object_name

# id: 19
# intent: SearchCreativeWork
# text: spui des neie Album vo de Fäaschtbänkler.
1	spui	PlayMusic	O
2	des	PlayMusic	O
3	neie	PlayMusic	O
4	Album	PlayMusic	B-object_name
5	vo	PlayMusic	I-object_name
6	de	PlayMusic	I-object_name
7	Fäaschtbänkler	PlayMusic	I-object_name
8	.	PlayMusic	O

# id: 20
# intent: weather/find
# text: Spui ma wos romantisches
1	Spui	PlayMusic	O
2	ma	PlayMusic	O
3	wos	PlayMusic	O
4	romantisches	PlayMusic	B-genre

# id: 21
# intent: SearchCreativeWork
# text: Spey Austropop.
1	Spey	PlayMusic	O
2	Austropop	PlayMusic	B-object_name
3	.	PlayMusic	O

# id: 22
# intent: BookRestaurant
# text: Gib am Guinnessbuach oan Stern 
1	Gib	RateBook	O
2	am	RateBook	O
3	Guinessbuach	RateBook	B-restaurant_name
4	oan	RateBook	O
5	Stern	RateBook	B-location

# id: 23
# intent: BookRestaurant
# text: Des Buch vom Irlmayer griagt von mia 5 Sterndal
1	Des	RateBook	O
2	Buch	RateBook	B-restaurant_name
3	vom	RateBook	I-restaurant_name
4	Irlmayer	RateBook	I-restaurant_name
5	griagt	RateBook	O
6	von	RateBook	O
7	mia	RateBook	B-location
8	5	RateBook	B-location
9	Sterndal	RateBook	I-location

# id: 24
# intent: RateBook
# text: bewert des Buach "der Märchenerzähler" mit 5 Sternen.
1	bewert	RateBook	O
2	des	RateBook	O
3	Buach	RateBook	B-object_name
4	der	RateBook	I-object_name
5	Märchenerzähler	RateBook	I-object_name
6	mit	RateBook	O
7	5	RateBook	B-rating_value
8	Sternen	RateBook	B-rating_unit
9	.	RateBook	O

# id: 25
# intent: RateBook
# text: Bewerte des neie Buach vo da Moyes mit 4 Sterne 
1	Bewerte	RateBook	O
2	des	RateBook	O
3	neie	RateBook	O
4	Buach	RateBook	B-restaurant_name
5	vo	RateBook	I-restaurant_name
6	da	RateBook	I-restaurant_name
7	Moyes	RateBook	I-restaurant_name
8	mit	RateBook	O
9	4	RateBook	B-rating_value
10	Sterne	RateBook	B-rating_unit

# id: 26
# intent: BookRestaurant
# text: I mecht Herr der Ringe mit sehr guad bewertn.
1	I	RateBook	O
2	mecht	RateBook	O
3	Herr	RateBook	B-movie_name
4	der	RateBook	I-movie_name
5	Ringe	RateBook	I-movie_name
6	mit	RateBook	O
7	sehr	RateBook	O
8	guad	RateBook	B-weather/attribute
9	bewertn	RateBook	O
10	.	RateBook	O

# id: 27
# intent: RateBook
# text: bewert des Buach mit fünf Sterne  
1	bewert	RateBook	O
2	des	RateBook	O
3	Buach	RateBook	B-object_name
4	mit	RateBook	O
5	fünf	RateBook	B-rating_value
6	Sterne	RateBook	B-rating_unit

# id: 28
# intent: alarm/snooze_alarm
# text: Suach nach m Harry G
1	Suach	SearchCreativeWork	O
2	nach	SearchCreativeWork	O
3	m	SearchCreativeWork	B-weather/temperatureUnit
4	Harry	SearchCreativeWork	B-location
5	G	SearchCreativeWork	I-location

# id: 29
# intent: SearchCreativeWork
# text: I suchat de Serie Vampire Diaries auf DVD.
1	I	SearchCreativeWork	O
2	suchat	SearchCreativeWork	O
3	de	SearchCreativeWork	O
4	Serie	SearchCreativeWork	O
5	Vampire	SearchCreativeWork	B-object_name
6	Diaries	SearchCreativeWork	I-object_name
7	auf	SearchCreativeWork	O
8	DVD	SearchCreativeWork	B-service
9	.	SearchCreativeWork	O

# id: 30
# intent: SearchCreativeWork
# text: suach nach der neisten Sims-Erweiterung
1	suach	SearchCreativeWork	O
2	nach	SearchCreativeWork	O
3	der	SearchCreativeWork	O
4	neisten	SearchCreativeWork	O
5	Sims-Erweiterung	SearchCreativeWork	B-object_name

# id: 31
# intent: PlayMusic
# text: suach nach da neien Serie mit Albrecht Schuch.
1	suach	SearchCreativeWork	O
2	nach	SearchCreativeWork	O
3	da	SearchCreativeWork	O
4	neien	SearchCreativeWork	O
5	Serie	SearchCreativeWork	B-object_part_of_series_type
6	mit	SearchCreativeWork	O
7	Albrecht	SearchCreativeWork	B-artist
8	Schuch	SearchCreativeWork	I-artist
9	.	SearchCreativeWork	O

# id: 32
# intent: SearchCreativeWork
# text: Suach ma de Serie mit da Lilly Collins
1	Suach	SearchCreativeWork	B-album
2	ma	SearchCreativeWork	I-album
3	de	SearchCreativeWork	I-album
4	Serie	SearchCreativeWork	I-album
5	mit	SearchCreativeWork	I-album
6	da	SearchCreativeWork	O
7	Lilly	SearchCreativeWork	B-artist
8	Collins	SearchCreativeWork	I-artist

# id: 33
# intent: weather/find
# text: Wia vui Folgn vo de Rosenheimcops gibts?
1	Wia	SearchCreativeWork	O
2	vui	SearchCreativeWork	O
3	Folgn	SearchCreativeWork	O
4	vo	SearchCreativeWork	O
5	de	SearchCreativeWork	O
6	Rosenheimcops	SearchCreativeWork	B-location
7	gibts	SearchCreativeWork	O
8	?	SearchCreativeWork	O

# id: 34
# intent: SearchCreativeWork
# text: suach bitte de Serie "Hubert und Staller. 
1	suach	SearchCreativeWork	O
2	bitte	SearchCreativeWork	O
3	de	SearchCreativeWork	O
4	Serie	SearchCreativeWork	B-object_name
5	Hubert	SearchCreativeWork	I-object_name
6	und	SearchCreativeWork	I-object_name
7	Staller	SearchCreativeWork	I-object_name
8	.	SearchCreativeWork	O

# id: 35
# intent: weather/find
# text: Wann spuid d Gruaberin wieda
1	Wann	SearchScreeningEvent	O
2	spuid	SearchScreeningEvent	O
3	d	SearchScreeningEvent	B-weather/temperatureUnit
4	Gruaberin	SearchScreeningEvent	B-location
5	wieda	SearchScreeningEvent	O

# id: 36
# intent: SearchScreeningEvent
# text: In wecham Kino lafft den der neie Star Wars  Fuim und um wia fui Uhr fangt a o?
1	In	SearchScreeningEvent	O
2	wecham	SearchScreeningEvent	O
3	Kino	SearchScreeningEvent	B-object_location_type
4	lafft	SearchScreeningEvent	O
5	den	SearchScreeningEvent	O
6	der	SearchScreeningEvent	O
7	neie	SearchScreeningEvent	O
8	Star	SearchScreeningEvent	B-movie_name
9	Wars	SearchScreeningEvent	I-movie_name
10 	Fuim	SearchScreeningEvent	I-movie_name
11	und	SearchScreeningEvent	O
12	um	SearchScreeningEvent	O
13	wia	SearchScreeningEvent	O
14	fui	SearchScreeningEvent	O
15	Uhr	SearchScreeningEvent	O
16	fangt	SearchScreeningEvent	O
17	a	SearchScreeningEvent	O
18	o	SearchScreeningEvent	O
19	?	SearchScreeningEvent	O

# id: 37
# intent: SearchScreeningEvent
# text: Auf woicham Kanal und wann kimmd "Sendung mit der Maus"?
1	Auf	SearchScreeningEvent	O
2	woicham	SearchScreeningEvent	O
3	Kanal	SearchScreeningEvent	B-movie_name
4	und	SearchScreeningEvent	O
5	wann	SearchScreeningEvent	O
6	kimmd	SearchScreeningEvent	O
7	Sendung	SearchScreeningEvent	B-movie_name
8	mit	SearchScreeningEvent	I-movie_name
9	der	SearchScreeningEvent	I-movie_name
10	Maus	SearchScreeningEvent	I-movie_name
11	?	SearchScreeningEvent	O

# id: 38
# intent: SearchScreeningEvent
# text: wann lauft da Reiba Hotzenplotz in Eggenfeldn im Kino?
1	wann	SearchScreeningEvent	O
2	lauft	SearchScreeningEvent	O
3	da	SearchScreeningEvent	O
4	Reiba	SearchScreeningEvent	B-movie_name
5	Hotzenplotz	SearchScreeningEvent	I-movie_name
6	in	SearchScreeningEvent	O
7	Eggenfeldn	SearchScreeningEvent	B-location
8	im	SearchScreeningEvent	O
9	Kino	SearchScreeningEvent	B-object_location_type
10	?	SearchScreeningEvent	O

# id: 39
# intent: SearchScreeningEvent
# text: Wo werd grod Romeo und Julia im Theater gspuit
1	Wo	SearchScreeningEvent	O
2	werd	SearchScreeningEvent	O
3	grod	SearchScreeningEvent	O
4	Romeo	SearchScreeningEvent	B-movie_name
5	und	SearchScreeningEvent	I-movie_name
6	Julia	SearchScreeningEvent	I-movie_name
7	im	SearchScreeningEvent	O
8	Theater	SearchScreeningEvent	O
9	gspuit	SearchScreeningEvent	O

# id: 40
# intent: weather/find
# text: Wann is wieda Musicalneit in Oideding?
1	Wann	SearchScreeningEvent	O
2	is	SearchScreeningEvent	O
3	wieda	SearchScreeningEvent	O
4	Musicalneit	SearchScreeningEvent	B-restaurant_name
5	in	SearchScreeningEvent	O
6	Oideding	SearchScreeningEvent	B-location
7	?	SearchScreeningEvent	O

# id: 41
# intent: SearchScreeningEvent
# text: wann lauft Super Mario nächste Woch im Kino? 
1	wann	SearchScreeningEvent	O
2	lauft	SearchScreeningEvent	O
3	Super	SearchScreeningEvent	B-movie_name
4	Mario	SearchScreeningEvent	I-movie_name
5	nächste	SearchScreeningEvent	O
6	Woch	SearchScreeningEvent	O
7	im	SearchScreeningEvent	O
8	Kino	SearchScreeningEvent	B-object_location_type
9	?	SearchScreeningEvent	O

# id: 42
# intent: weather/find
# text: Weck mi morgn um sime ned auf
1	Weck	alarm/cancel_alarm	O
2	mi	alarm/cancel_alarm	O
3	morgn	alarm/cancel_alarm	B-datetime
4	um	alarm/cancel_alarm	O
5	sime	alarm/cancel_alarm	O
6	ned	alarm/cancel_alarm	O
7	auf	alarm/cancel_alarm	O

# id: 43
# intent: weather/find
# text: mach moi mein Wecka um fünfe aus.
1	mach	alarm/cancel_alarm	O
2	moi	alarm/cancel_alarm	B-movie_name
3	mein	alarm/cancel_alarm	I-movie_name
4	Wecka	alarm/cancel_alarm	I-movie_name
5	um	alarm/cancel_alarm	O
6	fünfe	alarm/cancel_alarm	B-weather/attribute
7	aus	alarm/cancel_alarm	O
8	.	alarm/cancel_alarm	O

# id: 44
# intent: weather/find
# text: Mach den Wecka um 7 aus
1	Mach	alarm/cancel_alarm	O
2	den	alarm/cancel_alarm	O
3	Wecka	alarm/cancel_alarm	B-datetime
4	um	alarm/cancel_alarm	I-datetime
5	7	alarm/cancel_alarm	I-datetime
6	aus	alarm/cancel_alarm	O

# id: 45
# intent: BookRestaurant
# text: dua mein Wecka für moang ausa.
1	dua	alarm/cancel_alarm	O
2	mein	alarm/cancel_alarm	B-reference
3	Wecka	alarm/cancel_alarm	O
4	für	alarm/cancel_alarm	O
5	moang	alarm/cancel_alarm	B-location
6	ausa	alarm/cancel_alarm	I-location
7	.	alarm/cancel_alarm	O

# id: 46
# intent: weather/find
# text: Lösch mein Wecka füa morng
1	Lösch	alarm/cancel_alarm	O
2	mein	alarm/cancel_alarm	O
3	Wecka	alarm/cancel_alarm	O
4	füa	alarm/cancel_alarm	B-datetime
5	morng	alarm/cancel_alarm	I-datetime

# id: 47
# intent: weather/find
# text: Lesch mein Wecka!
1	Lesch	alarm/cancel_alarm	O
2	mein	alarm/cancel_alarm	O
3	Wecka	alarm/cancel_alarm	B-weather/attribute
4	!	alarm/cancel_alarm	O

# id: 48
# intent: weather/find
# text: lösch bitte den Wecka um hoibe fünfe.
1	lösch	alarm/cancel_alarm	O
2	bitte	alarm/cancel_alarm	O
3	den	alarm/cancel_alarm	O
4	Wecka	alarm/cancel_alarm	B-datetime
5	um	alarm/cancel_alarm	O
6	hoibe	alarm/cancel_alarm	B-location
7	fünfe	alarm/cancel_alarm	I-location
8	.	alarm/cancel_alarm	O

# id: 49
# intent: weather/find
# text: Weck mi morgn erst um achte auf
1	Weck	alarm/modify_alarm	O
2	mi	alarm/modify_alarm	B-location
3	morgn	alarm/modify_alarm	I-location
4	erst	alarm/modify_alarm	O
5	um	alarm/modify_alarm	O
6	achte	alarm/modify_alarm	O
7	auf	alarm/modify_alarm	O

# id: 50
# intent: BookRestaurant
# text: stai moi dne Wecka von 5 auf 6 um.
1	stai	alarm/modify_alarm	O
2	moi	alarm/modify_alarm	B-location
3	dne	alarm/modify_alarm	B-datetime
4	Wecka	alarm/modify_alarm	I-datetime
5	von	alarm/modify_alarm	I-datetime
6	5	alarm/modify_alarm	I-datetime
7	auf	alarm/modify_alarm	I-datetime
8	6	alarm/modify_alarm	I-datetime
9	um	alarm/modify_alarm	O
10	.	alarm/modify_alarm	O

# id: 51
# intent: RateBook
# text: Vastoi mein Wecka von 7 auf 8
1	Vastoi	alarm/modify_alarm	B-object_name
2	mein	alarm/modify_alarm	I-object_name
3	Wecka	alarm/modify_alarm	I-object_name
4	von	alarm/modify_alarm	O
5	7	alarm/modify_alarm	B-best_rating
6	auf	alarm/modify_alarm	O
7	8	alarm/modify_alarm	B-best_rating

# id: 52
# intent: weather/find
# text: verschiab mein Wecker vo 7 auf hoibe 8e.
1	verschiab	alarm/modify_alarm	O
2	mein	alarm/modify_alarm	B-reference
3	Wecker	alarm/modify_alarm	B-weather/attribute
4	vo	alarm/modify_alarm	O
5	7	alarm/modify_alarm	B-datetime
6	auf	alarm/modify_alarm	O
7	hoibe	alarm/modify_alarm	B-datetime
8	8e	alarm/modify_alarm	I-datetime
9	.	alarm/modify_alarm	O

# id: 53
# intent: weather/find
# text: Stoi mein Wecka füa morng erst auf neine
1	Stoi	alarm/modify_alarm	O
2	mein	alarm/modify_alarm	B-movie_name
3	Wecka	alarm/modify_alarm	I-movie_name
4	füa	alarm/modify_alarm	O
5	morng	alarm/modify_alarm	O
6	erst	alarm/modify_alarm	O
7	auf	alarm/modify_alarm	O
8	neine	alarm/modify_alarm	O

# id: 54
# intent: weather/find
# text: Stei den Wecka vo sechse auf hoibe simme.
1	Stei	alarm/modify_alarm	O
2	den	alarm/modify_alarm	O
3	Wecka	alarm/modify_alarm	B-datetime
4	vo	alarm/modify_alarm	I-datetime
5	sechse	alarm/modify_alarm	I-datetime
6	auf	alarm/modify_alarm	O
7	hoibe	alarm/modify_alarm	B-location
8	simme	alarm/modify_alarm	I-location
9	.	alarm/modify_alarm	O

# id: 55
# intent: weather/find
# text: änder mein Wecka vo sechse auf simme bitte
1	änder	alarm/modify_alarm	O
2	mein	alarm/modify_alarm	B-entity_name
3	Wecka	alarm/modify_alarm	I-entity_name
4	vo	alarm/modify_alarm	I-entity_name
5	sechse	alarm/modify_alarm	B-datetime
6	auf	alarm/modify_alarm	O
7	simme	alarm/modify_alarm	B-location
8	bitte	alarm/modify_alarm	O

# id: 56
# intent: weather/find
# text: Weck mi morgn um achte auf
1	Weck	alarm/set_alarm	O
2	mi	alarm/set_alarm	O
3	morgn	alarm/set_alarm	B-location
4	um	alarm/set_alarm	O
5	achte	alarm/set_alarm	O
6	auf	alarm/set_alarm	O

# id: 57
# intent: AddToPlaylist
# text: Stei ma moi den Wecka auf hoibe zehne.
1	Stei	alarm/set_alarm	O
2	ma	alarm/set_alarm	B-entity_name
3	moi	alarm/set_alarm	I-entity_name
4	den	alarm/set_alarm	I-entity_name
5	Wecka	alarm/set_alarm	I-entity_name
6	auf	alarm/set_alarm	O
7	hoibe	alarm/set_alarm	B-playlist
8	zehne	alarm/set_alarm	I-playlist
9	.	alarm/set_alarm	O

# id: 58
# intent: PlayMusic
# text: Stoi mein Wecka auf 8
1	Stoi	alarm/set_alarm	O
2	mein	alarm/set_alarm	B-track
3	Wecka	alarm/set_alarm	I-track
4	auf	alarm/set_alarm	O
5	8	alarm/set_alarm	B-datetime

# id: 59
# intent: weather/find
# text: schoid an Wecka auf 8e ei.
1	schoid	alarm/set_alarm	O
2	an	alarm/set_alarm	O
3	Wecka	alarm/set_alarm	B-location
4	auf	alarm/set_alarm	O
5	8e	alarm/set_alarm	B-datetime
6	ei	alarm/set_alarm	O
7	.	alarm/set_alarm	O

# id: 60
# intent: PlayMusic
# text: Stoi mein Wecka auf neine
1	Stoi	alarm/set_alarm	O
2	mein	alarm/set_alarm	O
3	Wecka	alarm/set_alarm	O
4	auf	alarm/set_alarm	O
5	neine	alarm/set_alarm	O

# id: 61
# intent: weather/find
# text: Stei an Wecka auf hoibe achte.
1	Stei	alarm/set_alarm	O
2	an	alarm/set_alarm	O
3	Wecka	alarm/set_alarm	B-location
4	auf	alarm/set_alarm	O
5	hoibe	alarm/set_alarm	B-datetime
6	achte	alarm/set_alarm	I-datetime
7	.	alarm/set_alarm	O

# id: 62
# intent: weather/find
# text: stoi an Wecka auf fünfe
1	stoi	alarm/set_alarm	O
2	an	alarm/set_alarm	O
3	Wecka	alarm/set_alarm	B-location
4	auf	alarm/set_alarm	O
5	fünfe	alarm/set_alarm	B-datetime

# id: 63
# intent: weather/find
# text: Sog Ma wannst mi auweckn konnst 
1	Sog	alarm/show_alarms	O
2	Ma	alarm/show_alarms	O
3	wannst	alarm/show_alarms	O
4	mi	alarm/show_alarms	O
5	auweckn	alarm/show_alarms	B-location
6	konnst	alarm/show_alarms	O

# id: 64
# intent: weather/find
# text: Wia fui Uhr ham mas den grod?
1	Wia	alarm/show_alarms	O
2	fui	alarm/show_alarms	B-movie_name
3	Uhr	alarm/show_alarms	I-movie_name
4	ham	alarm/show_alarms	I-movie_name
5	mas	alarm/show_alarms	I-movie_name
6	den	alarm/show_alarms	I-movie_name
7	grod?	alarm/show_alarms	O

# id: 65
# intent: weather/find
# text: Zoag meine Wecka o
1	Zoag	alarm/show_alarms	O
2	meine	alarm/show_alarms	O
3	Wecka	alarm/show_alarms	B-weather/attribute
4	o	alarm/show_alarms	O

# id: 66
# intent: weather/find
# text: wann leid mei Wecka?
1	wann	alarm/show_alarms	O
2	leid	alarm/show_alarms	O
3	mei	alarm/show_alarms	O
4	Wecka	alarm/show_alarms	B-location
5	?	alarm/show_alarms	O

# id: 67
# intent: weather/find
# text: Wann geht mei Wecka morng
1	Wann	alarm/show_alarms	O
2	geht	alarm/show_alarms	O
3	mei	alarm/show_alarms	O
4	Wecka	alarm/show_alarms	O
5	morng	alarm/show_alarms	O

# id: 68
# intent: weather/find
# text: Wos fia Wecka hob i?
1	Wos	alarm/show_alarms	O
2	fia	alarm/show_alarms	O
3	Wecka	alarm/show_alarms	B-location
4	hob	alarm/show_alarms	I-location
5	i	alarm/show_alarms	O
6	?	alarm/show_alarms	O

# id: 69
# intent: weather/find
# text: zoag ma mein Wecka. 
1	zoag	alarm/show_alarms	O
2	ma	alarm/show_alarms	O
3	mein	alarm/show_alarms	O
4	Wecka	alarm/show_alarms	B-weather/attribute
5	.	alarm/show_alarms	O

# id: 70
# intent: weather/find
# text: Weck mi in zehn Minutn no amoi
1	Weck	alarm/snooze_alarm	O
2	mi	alarm/snooze_alarm	B-location
3	in	alarm/snooze_alarm	B-datetime
4	zehn	alarm/snooze_alarm	I-datetime
5	Minutn	alarm/snooze_alarm	I-datetime
6	no	alarm/snooze_alarm	I-datetime
7	amoi	alarm/snooze_alarm	I-datetime

# id: 71
# intent: weather/find
# text: mach moi den Wecka no für a bo Minuten aus
1	mach	alarm/snooze_alarm	O
2	moi	alarm/snooze_alarm	B-movie_name
3	den	alarm/snooze_alarm	I-movie_name
4	Wecka	alarm/snooze_alarm	I-movie_name
5	no	alarm/snooze_alarm	I-movie_name
6	für	alarm/snooze_alarm	O
7	a	alarm/snooze_alarm	O
8	bo	alarm/snooze_alarm	O
9	Minuten	alarm/snooze_alarm	B-datetime
10	aus	alarm/snooze_alarm	O

# id: 72
# intent: alarm/snooze_alarm
# text: Snooze mein Wecka
1	Snooze	alarm/snooze_alarm	O
2	mein	alarm/snooze_alarm	O
3	Wecka	alarm/snooze_alarm	O

# id: 73
# intent: alarm/snooze_alarm
# text: Schlummern um 5 Minudn
1	Schlummern	alarm/snooze_alarm	B-weather/attribute
2	um	alarm/snooze_alarm	O
3	5	alarm/snooze_alarm	B-datetime
4	Minudn	alarm/snooze_alarm	I-datetime

# id: 74
# intent: alarm/snooze_alarm
# text: Snooze an Wecka
1	Snooze	alarm/snooze_alarm	O
2	an	alarm/snooze_alarm	O
3	Wecka	alarm/snooze_alarm	B-location

# id: 75
# intent: weather/find
# text: Stei an Wecka zehn Minuten weida.
1	Stei	alarm/snooze_alarm	O
2	an	alarm/snooze_alarm	O
3	Wecka	alarm/snooze_alarm	B-location
4	zehn	alarm/snooze_alarm	B-datetime
5	Minuten	alarm/snooze_alarm	I-datetime
6	weida	alarm/snooze_alarm	B-location
7	.	alarm/snooze_alarm	O

# id: 76
# intent: BookRestaurant
# text: stoi an Wecker in Schlummermodus 
1	stoi	alarm/snooze_alarm	O
2	an	alarm/snooze_alarm	O
3	Wecker	alarm/snooze_alarm	B-restaurant_name
4	in	alarm/snooze_alarm	O
5	Schlummermodus	alarm/snooze_alarm	B-location

# id: 77
# intent: weather/find
# text: Wann leit mei Wecker
1	Wann	alarm/time_left_on_alarm	O
2	leit	alarm/time_left_on_alarm	O
3	mei	alarm/time_left_on_alarm	O
4	Wecker	alarm/time_left_on_alarm	B-location

# id: 78
# intent: weather/find
# text: wia lang dauerts no bis da Wecka leit?
1	wia	alarm/time_left_on_alarm	O
2	lang	alarm/time_left_on_alarm	O
3	dauerts	alarm/time_left_on_alarm	O
4	no	alarm/time_left_on_alarm	O
5	bis	alarm/time_left_on_alarm	O
6	da	alarm/time_left_on_alarm	O
7	Wecka	alarm/time_left_on_alarm	B-location
8	leit	alarm/time_left_on_alarm	O
9	?	alarm/time_left_on_alarm	O

# id: 79
# intent: weather/find
# text: Wia lang is no bis mei Wecka klingelt?
1	Wia	alarm/time_left_on_alarm	O
2	lang	alarm/time_left_on_alarm	O
3	is	alarm/time_left_on_alarm	O
4	no	alarm/time_left_on_alarm	O
5	bis	alarm/time_left_on_alarm	O
6	mei	alarm/time_left_on_alarm	O
7	Wecka	alarm/time_left_on_alarm	B-location
8	klingelt	alarm/time_left_on_alarm	O
9	?	alarm/time_left_on_alarm	O

# id: 80
# intent: weather/find
# text: wann leid da Wecka?
1	wann	alarm/time_left_on_alarm	O
2	leid	alarm/time_left_on_alarm	O
3	da	alarm/time_left_on_alarm	O
4	Wecka	alarm/time_left_on_alarm	B-location
5	?	alarm/time_left_on_alarm	O

# id: 81
# intent: weather/find
# text: Wann geht mei nächster Wecka
1	Wann	alarm/time_left_on_alarm	O
2	geht	alarm/time_left_on_alarm	O
3	mei	alarm/time_left_on_alarm	O
4	nächster	alarm/time_left_on_alarm	O
5	Wecka	alarm/time_left_on_alarm	O

# id: 82
# intent: weather/find
# text: Wia lang dauerts no bis da Wecka leit?
1	Wia	alarm/time_left_on_alarm	O
2	lang	alarm/time_left_on_alarm	B-weather/attribute
3	dauerts	alarm/time_left_on_alarm	O
4	no	alarm/time_left_on_alarm	O
5	bis	alarm/time_left_on_alarm	O
6	da	alarm/time_left_on_alarm	O
7	Wecka	alarm/time_left_on_alarm	B-location
8	leit	alarm/time_left_on_alarm	O
9	?	alarm/time_left_on_alarm	O

# id: 83
# intent: weather/find
# text: in wia vui Minutn klinglt mei Wecka
1	in	alarm/time_left_on_alarm	O
2	wia	alarm/time_left_on_alarm	O
3	vui	alarm/time_left_on_alarm	O
4	Minutn	alarm/time_left_on_alarm	O
5	klingelt	alarm/time_left_on_alarm	O
6	mei	alarm/time_left_on_alarm	O
7	Wecka	alarm/time_left_on_alarm	B-datetime

# id: 84
# intent: SearchCreativeWork
# text: Lösch ma doch de Erinnerung 
1	Lösch	reminder/cancel_reminder	O
2	ma	reminder/cancel_reminder	B-object_name
3	doch	reminder/cancel_reminder	I-object_name
4	de	reminder/cancel_reminder	I-object_name
5	Erinnerung	reminder/cancel_reminder	I-object_name

# id: 85
# intent: BookRestaurant
# text: Lösch ma de Erinnerung de i gsetzt hob 
1	Lösch	reminder/cancel_reminder	O
2	ma	reminder/cancel_reminder	B-track
3	de	reminder/cancel_reminder	I-track
4	Erinnerung	reminder/cancel_reminder	I-track
5	de	reminder/cancel_reminder	O
6	i	reminder/cancel_reminder	B-location
7	gsetzt	reminder/cancel_reminder	I-location
8	hob	reminder/cancel_reminder	O

# id: 86
# intent: BookRestaurant
# text: lösch moi den Termin füa moang Nachmidog um fünfe.
1	lösch	reminder/cancel_reminder	O
2	moi	reminder/cancel_reminder	O
3	den	reminder/cancel_reminder	O
4	Termin	reminder/cancel_reminder	B-restaurant_name
5	füa	reminder/cancel_reminder	I-restaurant_name
6	moang	reminder/cancel_reminder	I-restaurant_name
7	Nachmidog	reminder/cancel_reminder	I-restaurant_name
8	um	reminder/cancel_reminder	O
9	fünfe	reminder/cancel_reminder	B-datetime
10	.	reminder/cancel_reminder	O

# id: 87
# intent: SearchCreativeWork
# text: Lösch de Erinnerung 
1	Lösch	reminder/cancel_reminder	B-object_name
2	de	reminder/cancel_reminder	I-object_name
3	Erinnerung	reminder/cancel_reminder	I-object_name

# id: 88
# intent: SearchCreativeWork
# text: lösch mei letzte Erinnerung.
1	lösch	reminder/cancel_reminder	O
2	mei	reminder/cancel_reminder	B-object_name
3	letzte	reminder/cancel_reminder	I-object_name
4	Erinnerung	reminder/cancel_reminder	I-object_name
5	.	reminder/cancel_reminder	O

# id: 89
# intent: SearchScreeningEvent
# text: Dua de Erinnerung löschn
1	Dua	reminder/cancel_reminder	B-movie_name
2	de	reminder/cancel_reminder	I-movie_name
3	Erinnerung	reminder/cancel_reminder	I-movie_name
4	löschn	reminder/cancel_reminder	O

# id: 90
# intent: SearchCreativeWork
# text: Erinnerung leschn.
1	Erinnerung	reminder/cancel_reminder	B-object_name
2	leschn	reminder/cancel_reminder	I-object_name
3	.	reminder/cancel_reminder	O

# id: 91
# intent: BookRestaurant
# text: lösch de Erinnerung vor moang zum Eikaufa
1	lösch	reminder/cancel_reminder	O
2	de	reminder/cancel_reminder	O
3	Erinnerung	reminder/cancel_reminder	O
4	vor	reminder/cancel_reminder	O	
5	moang	reminder/cancel_reminder	B-datetime
6	zum	reminder/cancel_reminder	O
7	Eikaufa	reminder/cancel_reminder	B-location

# id: 92
# intent: BookRestaurant
# text: Erinner mi dass i in zehn Minutn an Vater oruafa muas 
1	Erinner	reminder/set_reminder	O
2	mi	reminder/set_reminder	O
3	dass	reminder/set_reminder	O
4	i	reminder/set_reminder	O
5	in	reminder/set_reminder	B-datetime
6	zehn	reminder/set_reminder	I-datetime
7	Minutn	reminder/set_reminder	I-datetime
8	an	reminder/set_reminder	O
9	Vater	reminder/set_reminder	B-location
10	oruafa	reminder/set_reminder	I-location
11	muas	reminder/set_reminder	O

# id: 93
# intent: BookRestaurant
# text: erinner mi moi in a viatl Stund das i bei da Nachbarin klingln muas
1	erinner	reminder/set_reminder	O
2	mi	reminder/set_reminder	O
3	moi	reminder/set_reminder	O
4	in	reminder/set_reminder	O
5	a	reminder/set_reminder	O
6	viatl	reminder/set_reminder	B-location
7	Stund	reminder/set_reminder	I-location
8	das	reminder/set_reminder	O
9	i	reminder/set_reminder	O
10	bei	reminder/set_reminder	O
11	da	reminder/set_reminder	O
12	Nachbarin	reminder/set_reminder	B-location
13	klingln	reminder/set_reminder	O
14	muas	reminder/set_reminder	O

# id: 94
# intent: weather/find
# text: Erinner mi am Mondog, dass i an Zahnarzttermin ausmacha muas
1	Erinner	reminder/set_reminder	O
2	mi	reminder/set_reminder	B-location
3	am	reminder/set_reminder	O
4	Mondog	reminder/set_reminder	B-location
5	,	reminder/set_reminder	O
6	dass	reminder/set_reminder	O
7	i	reminder/set_reminder	O
8	an	reminder/set_reminder	O
9	Zahnarzttermin	reminder/set_reminder	B-condition_description
10	ausmacha	reminder/set_reminder	O
11	muas	reminder/set_reminder	O

# id: 95
# intent: weather/find
# text: moang muss i zum Zahnarzt. Erinner mi dro
1	moang	reminder/set_reminder	O
2	muss	reminder/set_reminder	O
3	i	reminder/set_reminder	O
4	zum	reminder/set_reminder	O
5	Zahnarzt	reminder/set_reminder	O
6	.	reminder/set_reminder	O
7	Erinner	reminder/set_reminder	O
8	mi	reminder/set_reminder	O
9	dro	reminder/set_reminder	O

# id: 96
# intent: weather/find
# text: Erinner mi, dass i in 5 Minuten d'wasch ausm Keller huin muas
1	Erinner	reminder/set_reminder	O
2	mi	reminder/set_reminder	O
3	,	reminder/set_reminder	O
4	dass	reminder/set_reminder	O
5	i	reminder/set_reminder	O
6	in	reminder/set_reminder	B-datetime
7	5	reminder/set_reminder	I-datetime
8	Minuten	reminder/set_reminder	I-datetime
9	d'wasch	reminder/set_reminder	B-served_dish
10	ausm	reminder/set_reminder	O
11	Keller	reminder/set_reminder	B-location
12	huin	reminder/set_reminder	I-location
13	muas	reminder/set_reminder	O

# id: 97
# intent: weather/find
# text: Erinnert mi in a hoiben Stund dass i an Grill ohoazn muss!
1	Erinnert	reminder/set_reminder	O
2	mi	reminder/set_reminder	O
3	in	reminder/set_reminder	O
4	a	reminder/set_reminder	O
5	hoiben	reminder/set_reminder	B-weather/attribute
6	Stund	reminder/set_reminder	O
7	dass	reminder/set_reminder	O
8	i	reminder/set_reminder	O
9	an	reminder/set_reminder	O
10	Grill	reminder/set_reminder	B-weather/attribute
11	ohoazn	reminder/set_reminder	O
12	muss	reminder/set_reminder	O
13	!	reminder/set_reminder	O

# id: 98
# intent: SearchCreativeWork
# text: erstoina Erinnerung, dass i de Überweisung macha muas
1	erstoina	reminder/set_reminder	O
2	Erinnerung	reminder/set_reminder	B-object_name
3	,	reminder/set_reminder	O
4	dass	reminder/set_reminder	O
5	i	reminder/set_reminder	O
6	de	reminder/set_reminder	O
7	Überweisung	reminder/set_reminder	B-object_name
8	macha	reminder/set_reminder	O
9	muas	reminder/set_reminder	O

# id: 99
# intent: reminder/show_reminders
# text: Wos steht auf meiner Erinnerungslistn
1	Wos	reminder/show_reminders	O
2	steht	reminder/show_reminders	O
3	auf	reminder/show_reminders	O
4	meiner	reminder/show_reminders	O
5	Erinnerungslistn	reminder/show_reminders	O

# id: 100
# intent: weather/find
# text: wos war den am letzten Freidog um achte im Kalenda gstandn?
1	wos	reminder/show_reminders	O
2	war	reminder/show_reminders	O
3	den	reminder/show_reminders	O
4	am	reminder/show_reminders	O
5	letzten	reminder/show_reminders	O
6	Freidog	reminder/show_reminders	B-weather/attribute
7	um	reminder/show_reminders	O
8	achte	reminder/show_reminders	B-datetime
9	im	reminder/show_reminders	O
10	Kalenda	reminder/show_reminders	O
11	gstandn	reminder/show_reminders	O
12	?	reminder/show_reminders	O

# id: 101
# intent: SearchCreativeWork
# text: Woiche Erinnerungen san gspeichert?
1	Woiche	reminder/show_reminders	B-object_name
2	Erinnerungen	reminder/show_reminders	I-object_name
3	san	reminder/show_reminders	O
4	gspeichert	reminder/show_reminders	O
5	?	reminder/show_reminders	O

# id: 102
# intent: SearchCreativeWork
# text: weiche Erinnerungen stehn heid o?
1	weiche	reminder/show_reminders	O
2	Erinnerungen	reminder/show_reminders	B-object_name
3	stehn	reminder/show_reminders	O
4	heid	reminder/show_reminders	O
5	o	reminder/show_reminders	O
6	?	reminder/show_reminders	O

# id: 103
# intent: weather/find
# text: Wos steht heit im kalenda
1	Wos	reminder/show_reminders	O
2	steht	reminder/show_reminders	O
3	heit	reminder/show_reminders	O
4	im	reminder/show_reminders	O
5	kalenda	reminder/show_reminders	B-location

# id: 104
# intent: SearchCreativeWork
# text: Sog mia meine Erinnerungen.
1	Sog	reminder/show_reminders	O
2	mia	reminder/show_reminders	O
3	meine	reminder/show_reminders	B-object_name
4	Erinnerungen	reminder/show_reminders	I-object_name
5	.	reminder/show_reminders	O

# id: 105
# intent: SearchCreativeWork
# text: zoag ma meine Erinnerungen
1	zoag	reminder/show_reminders	O
2	ma	reminder/show_reminders	O
3	meine	reminder/show_reminders	B-reference
4	Erinnerungen	reminder/show_reminders	O

# id: 106
# intent: weather/find
# text: Wia is n draußen grod in da Stod
1	Wia	weather/find	O
2	is	weather/find	O
3	n	weather/find	O
4	draußen	weather/find	B-served_dish
5	grod	weather/find	B-condition_description
6	in	weather/find	O
7	da	weather/find	O
8	Stod	weather/find	B-location

# id: 107
# intent: weather/find
# text: Wia wird den des Weda moang fria in München?
1	Wia	weather/find	O
2	wird	weather/find	O
3	den	weather/find	O
4	es	weather/find	O
5	Weda	weather/find	B-datetime
6	moang	weather/find	I-datetime
7	fria	weather/find	I-datetime
8	in	weather/find	O
9	München	weather/find	B-location
10	?	weather/find	O

# id: 108
# intent: weather/find
# text: Wia werd des Weda moang in Rengschbuag?
1	Wia	weather/find	O
2	werd	weather/find	O
3	des	weather/find	O
4	Weda	weather/find	B-datetime
5	moang	weather/find	I-datetime
6	in	weather/find	O
7	Rengschbuag	weather/find	B-location
8	?	weather/find	O

# id: 109
# intent: weather/find
# text: Wie isn des Weda heid in Neimarkt?
1	Wie	weather/find	O
2	isn	weather/find	O
3	des	weather/find	O
4	Weda	weather/find	B-datetime
5	heid	weather/find	I-datetime
6	in	weather/find	O
7	Neimarkt	weather/find	B-location
8	?	weather/find	O

# id: 110
# intent: weather/find
# text: Werd’s Weda heid warm oda koid?
1	Werd	weather/find	O
2	'	weather/find	O
3	s	weather/find	O
4	Weda	weather/find	B-datetime
5	heid	weather/find	I-datetime
6	warm	weather/find	B-weather/attribute
7	oda	weather/find	O
8	koid	weather/find	B-weather/attribute
9	?	weather/find	O

# id: 111
# intent: weather/find
# text: Scheint in Mallorca grod Sunn?
1	Scheint	weather/find	O
2	in	weather/find	O
3	Mallorca	weather/find	B-location
4	grod	weather/find	B-movie_name
5	Sunn	weather/find	I-movie_name
6	?	weather/find	O

# id: 112
# intent: weather/find
# text: Wia werd moang s Weda?
1	Wia	weather/find	O
2	werd	weather/find	O
3	moang	weather/find	O
4	s	weather/find	O
5	Weda	weather/find	B-datetime
6	?	weather/find	O

# id: 113
# intent: weather/find
# text: wia werd as Weda in Oidäding moang? 
1	wia	weather/find	O
2	werd	weather/find	O
3	as	weather/find	O
4	Weda	weather/find	B-datetime
5	in	weather/find	O
6	Oidäding	weather/find	B-location
7	moang	weather/find	O
8	?	weather/find	O

